0 verbose cli C:\Program Files\nodejs\node.exe C:\Program Files\nodejs\node_modules\npm\bin\npm-cli.js
1 info using npm@11.12.1
2 info using node@v24.15.0
3 silly config load:file:C:\Program Files\nodejs\node_modules\npm\npmrc
4 silly config load:file:C:\Users\HP\Desktop\Ticket-Reselling-Platform-main\organizer-app\.npmrc
5 silly config load:file:C:\Users\HP\.npmrc
6 silly config load:file:C:\Users\HP\AppData\Roaming\npm\etc\npmrc
7 verbose title npm install
8 verbose argv "install" "--cache" "..\\.npm-cache"
9 verbose logfile logs-max:10 dir:C:\Users\HP\Desktop\Ticket-Reselling-Platform-main\.npm-cache\_logs\2026-04-21T06_51_57_933Z-
10 verbose logfile C:\Users\HP\Desktop\Ticket-Reselling-Platform-main\.npm-cache\_logs\2026-04-21T06_51_57_933Z-debug-0.log
11 silly logfile done cleaning log files
12 silly packumentCache heap:2295857152 maxSize:573964288 maxEntrySize:286982144
13 silly idealTree buildDeps
14 silly fetch manifest @emnapi/core@^1.7.1
15 silly packumentCache full:https://registry.npmjs.org/@emnapi%2fcore cache-miss
16 http cache https://registry.npmjs.org/@emnapi%2fcore 35ms (cache hit)
17 silly packumentCache full:https://registry.npmjs.org/@emnapi%2fcore set size:105841 disposed:false
18 silly fetch manifest @emnapi/runtime@^1.7.1
19 silly packumentCache full:https://registry.npmjs.org/@emnapi%2fruntime cache-miss
20 http cache https://registry.npmjs.org/@emnapi%2fruntime 13ms (cache hit)
21 silly packumentCache full:https://registry.npmjs.org/@emnapi%2fruntime set size:108129 disposed:false
22 silly placeDep ROOT @emnapi/core@1.10.0 OK for: @napi-rs/wasm-runtime@1.1.2 want: ^1.7.1
23 silly placeDep ROOT @emnapi/runtime@1.10.0 OK for: @napi-rs/wasm-runtime@1.1.2 want: ^1.7.1
24 silly reify moves {}
25 silly audit bulk request {
25 silly audit   '@alloc/quick-lru': [ '5.2.0' ],
25 silly audit   '@babel/code-frame': [ '7.29.0' ],
25 silly audit   '@babel/compat-data': [ '7.29.0' ],
25 silly audit   '@babel/core': [ '7.29.0' ],
25 silly audit   '@babel/generator': [ '7.29.1' ],
25 silly audit   '@babel/helper-compilation-targets': [ '7.28.6' ],
25 silly audit   '@babel/helper-globals': [ '7.28.0' ],
25 silly audit   '@babel/helper-module-imports': [ '7.28.6' ],
25 silly audit   '@babel/helper-module-transforms': [ '7.28.6' ],
25 silly audit   '@babel/helper-string-parser': [ '7.27.1' ],
25 silly audit   '@babel/helper-validator-identifier': [ '7.28.5' ],
25 silly audit   '@babel/helper-validator-option': [ '7.27.1' ],
25 silly audit   '@babel/helpers': [ '7.29.2' ],
25 silly audit   '@babel/parser': [ '7.29.2' ],
25 silly audit   '@babel/template': [ '7.28.6' ],
25 silly audit   '@babel/traverse': [ '7.29.0' ],
25 silly audit   '@babel/types': [ '7.29.0' ],
25 silly audit   '@emnapi/wasi-threads': [ '1.2.1' ],
25 silly audit   '@eslint-community/eslint-utils': [ '4.9.1' ],
25 silly audit   'eslint-visitor-keys': [ '3.4.3', '4.2.1' ],
25 silly audit   '@eslint-community/regexpp': [ '4.12.2' ],
25 silly audit   '@eslint/config-array': [ '0.21.2' ],
25 silly audit   '@eslint/config-helpers': [ '0.4.2' ],
25 silly audit   '@eslint/core': [ '0.17.0' ],
25 silly audit   '@eslint/eslintrc': [ '3.3.5' ],
25 silly audit   globals: [ '14.0.0', '17.4.0' ],
25 silly audit   '@eslint/js': [ '9.39.4' ],
25 silly audit   '@eslint/object-schema': [ '2.1.7' ],
25 silly audit   '@eslint/plugin-kit': [ '0.4.1' ],
25 silly audit   '@humanfs/core': [ '0.19.1' ],
25 silly audit   '@humanfs/node': [ '0.16.7' ],
25 silly audit   '@humanwhocodes/module-importer': [ '1.0.1' ],
25 silly audit   '@humanwhocodes/retry': [ '0.4.3' ],
25 silly audit   '@jridgewell/gen-mapping': [ '0.3.13' ],
25 silly audit   '@jridgewell/remapping': [ '2.3.5' ],
25 silly audit   '@jridgewell/resolve-uri': [ '3.1.2' ],
25 silly audit   '@jridgewell/sourcemap-codec': [ '1.5.5' ],
25 silly audit   '@jridgewell/trace-mapping': [ '0.3.31' ],
25 silly audit   '@napi-rs/wasm-runtime': [ '1.1.2' ],
25 silly audit   '@nodelib/fs.scandir': [ '2.1.5' ],
25 silly audit   '@nodelib/fs.stat': [ '2.0.5' ],
25 silly audit   '@nodelib/fs.walk': [ '1.2.8' ],
25 silly audit   '@oxc-project/types': [ '0.122.0' ],
25 silly audit   '@reduxjs/toolkit': [ '2.11.2' ],
25 silly audit   immer: [ '11.1.4', '10.2.0' ],
25 silly audit   '@rolldown/binding-android-arm64': [ '1.0.0-rc.12' ],
25 silly audit   '@rolldown/binding-darwin-arm64': [ '1.0.0-rc.12' ],
25 silly audit   '@rolldown/binding-darwin-x64': [ '1.0.0-rc.12' ],
25 silly audit   '@rolldown/binding-freebsd-x64': [ '1.0.0-rc.12' ],
25 silly audit   '@rolldown/binding-linux-arm-gnueabihf': [ '1.0.0-rc.12' ],
25 silly audit   '@rolldown/binding-linux-arm64-gnu': [ '1.0.0-rc.12' ],
25 silly audit   '@rolldown/binding-linux-arm64-musl': [ '1.0.0-rc.12' ],
25 silly audit   '@rolldown/binding-linux-ppc64-gnu': [ '1.0.0-rc.12' ],
25 silly audit   '@rolldown/binding-linux-s390x-gnu': [ '1.0.0-rc.12' ],
25 silly audit   '@rolldown/binding-linux-x64-gnu': [ '1.0.0-rc.12' ],
25 silly audit   '@rolldown/binding-linux-x64-musl': [ '1.0.0-rc.12' ],
25 silly audit   '@rolldown/binding-openharmony-arm64': [ '1.0.0-rc.12' ],
25 silly audit   '@rolldown/binding-wasm32-wasi': [ '1.0.0-rc.12' ],
25 silly audit   '@rolldown/binding-win32-arm64-msvc': [ '1.0.0-rc.12' ],
25 silly audit   '@rolldown/binding-win32-x64-msvc': [ '1.0.0-rc.12' ],
25 silly audit   '@rolldown/pluginutils': [ '1.0.0-rc.7', '1.0.0-rc.12' ],
25 silly audit   '@standard-schema/spec': [ '1.1.0' ],
25 silly audit   '@standard-schema/utils': [ '0.3.0' ],
25 silly audit   '@tybys/wasm-util': [ '0.10.1' ],
25 silly audit   '@types/d3-array': [ '3.2.2' ],
25 silly audit   '@types/d3-color': [ '3.1.3' ],
25 silly audit   '@types/d3-ease': [ '3.0.2' ],
25 silly audit   '@types/d3-interpolate': [ '3.0.4' ],
25 silly audit   '@types/d3-path': [ '3.1.1' ],
25 silly audit   '@types/d3-scale': [ '4.0.9' ],
25 silly audit   '@types/d3-shape': [ '3.1.8' ],
25 silly audit   '@types/d3-time': [ '3.0.4' ],
25 silly audit   '@types/d3-timer': [ '3.0.2' ],
25 silly audit   '@types/estree': [ '1.0.8' ],
25 silly audit   '@types/json-schema': [ '7.0.15' ],
25 silly audit   '@types/react': [ '19.2.14' ],
25 silly audit   '@types/react-dom': [ '19.2.3' ],
25 silly audit   '@types/use-sync-external-store': [ '0.0.6' ],
25 silly audit   '@vitejs/plugin-react': [ '6.0.1' ],
25 silly audit   acorn: [ '8.16.0' ],
25 silly audit   'acorn-jsx': [ '5.3.2' ],
25 silly audit   ajv: [ '6.14.0' ],
25 silly audit   'ansi-styles': [ '4.3.0' ],
25 silly audit   'any-promise': [ '1.3.0' ],
25 silly audit   anymatch: [ '3.1.3' ],
25 silly audit   picomatch: [ '2.3.2', '4.0.4' ],
25 silly audit   arg: [ '5.0.2' ],
25 silly audit   argparse: [ '2.0.1' ],
25 silly audit   asynckit: [ '0.4.0' ],
25 silly audit   autoprefixer: [ '10.4.27' ],
25 silly audit   axios: [ '1.15.0' ],
25 silly audit   'balanced-match': [ '1.0.2' ],
25 silly audit   'baseline-browser-mapping': [ '2.10.14' ],
25 silly audit   'binary-extensions': [ '2.3.0' ],
25 silly audit   'brace-expansion': [ '1.1.13' ],
25 silly audit   braces: [ '3.0.3' ],
25 silly audit   browserslist: [ '4.28.2' ],
25 silly audit   'call-bind-apply-helpers': [ '1.0.2' ],
25 silly audit   callsites: [ '3.1.0' ],
25 silly audit   'camelcase-css': [ '2.0.1' ],
25 silly audit   'caniuse-lite': [ '1.0.30001785' ],
25 silly audit   chalk: [ '4.1.2' ],
25 silly audit   chokidar: [ '3.6.0' ],
25 silly audit   'glob-parent': [ '5.1.2', '6.0.2' ],
25 silly audit   clsx: [ '2.1.1' ],
25 silly audit   'color-convert': [ '2.0.1' ],
25 silly audit   'color-name': [ '1.1.4' ],
25 silly audit   'combined-stream': [ '1.0.8' ],
25 silly audit   commander: [ '4.1.1' ],
25 silly audit   'concat-map': [ '0.0.1' ],
25 silly audit   'convert-source-map': [ '2.0.0' ],
25 silly audit   cookie: [ '1.1.1' ],
25 silly audit   'cross-spawn': [ '7.0.6' ],
25 silly audit   cssesc: [ '3.0.0' ],
25 silly audit   csstype: [ '3.2.3' ],
25 silly audit   'd3-array': [ '3.2.4' ],
25 silly audit   'd3-color': [ '3.1.0' ],
25 silly audit   'd3-ease': [ '3.0.1' ],
25 silly audit   'd3-format': [ '3.1.2' ],
25 silly audit   'd3-interpolate': [ '3.0.1' ],
25 silly audit   'd3-path': [ '3.1.0' ],
25 silly audit   'd3-scale': [ '4.0.2' ],
25 silly audit   'd3-shape': [ '3.2.0' ],
25 silly audit   'd3-time': [ '3.1.0' ],
25 silly audit   'd3-time-format': [ '4.1.0' ],
25 silly audit   'd3-timer': [ '3.0.1' ],
25 silly audit   debug: [ '4.4.3' ],
25 silly audit   'decimal.js-light': [ '2.5.1' ],
25 silly audit   'deep-is': [ '0.1.4' ],
25 silly audit   'delayed-stream': [ '1.0.0' ],
25 silly audit   'detect-libc': [ '2.1.2' ],
25 silly audit   didyoumean: [ '1.2.2' ],
25 silly audit   dlv: [ '1.1.3' ],
25 silly audit   'dunder-proto': [ '1.0.1' ],
25 silly audit   'electron-to-chromium': [ '1.5.331' ],
25 silly audit   'es-define-property': [ '1.0.1' ],
25 silly audit   'es-errors': [ '1.3.0' ],
25 silly audit   'es-object-atoms': [ '1.1.1' ],
25 silly audit   'es-set-tostringtag': [ '2.1.0' ],
25 silly audit   'es-toolkit': [ '1.45.1' ],
25 silly audit   escalade: [ '3.2.0' ],
25 silly audit   'escape-string-regexp': [ '4.0.0' ],
25 silly audit   eslint: [ '9.39.4' ],
25 silly audit   'eslint-plugin-react-hooks': [ '7.0.1' ],
25 silly audit   'eslint-plugin-react-refresh': [ '0.5.2' ],
25 silly audit   'eslint-scope': [ '8.4.0' ],
25 silly audit   espree: [ '10.4.0' ],
25 silly audit   esquery: [ '1.7.0' ],
25 silly audit   esrecurse: [ '4.3.0' ],
25 silly audit   estraverse: [ '5.3.0' ],
25 silly audit   esutils: [ '2.0.3' ],
25 silly audit   eventemitter3: [ '5.0.4' ],
25 silly audit   'fast-deep-equal': [ '3.1.3' ],
25 silly audit   'fast-glob': [ '3.3.3' ],
25 silly audit   'fast-json-stable-stringify': [ '2.1.0' ],
25 silly audit   'fast-levenshtein': [ '2.0.6' ],
25 silly audit   fastq: [ '1.20.1' ],
25 silly audit   fdir: [ '6.5.0' ],
25 silly audit   'file-entry-cache': [ '8.0.0' ],
25 silly audit   'fill-range': [ '7.1.1' ],
25 silly audit   'find-up': [ '5.0.0' ],
25 silly audit   'flat-cache': [ '4.0.1' ],
25 silly audit   flatted: [ '3.4.2' ],
25 silly audit   'follow-redirects': [ '1.15.11' ],
25 silly audit   'form-data': [ '4.0.5' ],
25 silly audit   'fraction.js': [ '5.3.4' ],
25 silly audit   'framer-motion': [ '12.38.0' ],
25 silly audit   fsevents: [ '2.3.3' ],
25 silly audit   'function-bind': [ '1.1.2' ],
25 silly audit   gensync: [ '1.0.0-beta.2' ],
25 silly audit   'get-intrinsic': [ '1.3.0' ],
25 silly audit   'get-proto': [ '1.0.1' ],
25 silly audit   goober: [ '2.1.18' ],
25 silly audit   gopd: [ '1.2.0' ],
25 silly audit   'has-flag': [ '4.0.0' ],
25 silly audit   'has-symbols': [ '1.1.0' ],
25 silly audit   'has-tostringtag': [ '1.0.2' ],
25 silly audit   hasown: [ '2.0.2' ],
25 silly audit   'hermes-estree': [ '0.25.1' ],
25 silly audit   'hermes-parser': [ '0.25.1' ],
25 silly audit   ignore: [ '5.3.2' ],
25 silly audit   'import-fresh': [ '3.3.1' ],
25 silly audit   imurmurhash: [ '0.1.4' ],
25 silly audit   internmap: [ '2.0.3' ],
25 silly audit   'is-binary-path': [ '2.1.0' ],
25 silly audit   'is-core-module': [ '2.16.1' ],
25 silly audit   'is-extglob': [ '2.1.1' ],
25 silly audit   'is-glob': [ '4.0.3' ],
25 silly audit   'is-number': [ '7.0.0' ],
25 silly audit   isexe: [ '2.0.0' ],
25 silly audit   jiti: [ '1.21.7' ],
25 silly audit   'js-tokens': [ '4.0.0' ],
25 silly audit   'js-yaml': [ '4.1.1' ],
25 silly audit   jsesc: [ '3.1.0' ],
25 silly audit   'json-buffer': [ '3.0.1' ],
25 silly audit   'json-schema-traverse': [ '0.4.1' ],
25 silly audit   'json-stable-stringify-without-jsonify': [ '1.0.1' ],
25 silly audit   json5: [ '2.2.3' ],
25 silly audit   keyv: [ '4.5.4' ],
25 silly audit   levn: [ '0.4.1' ],
25 silly audit   lightningcss: [ '1.32.0' ],
25 silly audit   'lightningcss-android-arm64': [ '1.32.0' ],
25 silly audit   'lightningcss-darwin-arm64': [ '1.32.0' ],
25 silly audit   'lightningcss-darwin-x64': [ '1.32.0' ],
25 silly audit   'lightningcss-freebsd-x64': [ '1.32.0' ],
25 silly audit   'lightningcss-linux-arm-gnueabihf': [ '1.32.0' ],
25 silly audit   'lightningcss-linux-arm64-gnu': [ '1.32.0' ],
25 silly audit   'lightningcss-linux-arm64-musl': [ '1.32.0' ],
25 silly audit   'lightningcss-linux-x64-gnu': [ '1.32.0' ],
25 silly audit   'lightningcss-linux-x64-musl': [ '1.32.0' ],
25 silly audit   'lightningcss-win32-arm64-msvc': [ '1.32.0' ],
25 silly audit   'lightningcss-win32-x64-msvc': [ '1.32.0' ],
25 silly audit   lilconfig: [ '3.1.3' ],
25 silly audit   'lines-and-columns': [ '1.2.4' ],
25 silly audit   'locate-path': [ '6.0.0' ],
25 silly audit   'lodash.merge': [ '4.6.2' ],
25 silly audit   'lru-cache': [ '5.1.1' ],
25 silly audit   'lucide-react': [ '1.7.0' ],
25 silly audit   'math-intrinsics': [ '1.1.0' ],
25 silly audit   merge2: [ '1.4.1' ],
25 silly audit   micromatch: [ '4.0.8' ],
25 silly audit   'mime-db': [ '1.52.0' ],
25 silly audit   'mime-types': [ '2.1.35' ],
25 silly audit   minimatch: [ '3.1.5' ],
25 silly audit   'motion-dom': [ '12.38.0' ],
25 silly audit   'motion-utils': [ '12.36.0' ],
25 silly audit   ms: [ '2.1.3' ],
25 silly audit   mz: [ '2.7.0' ],
25 silly audit   nanoid: [ '3.3.11' ],
25 silly audit   'natural-compare': [ '1.4.0' ],
25 silly audit   'node-releases': [ '2.0.37' ],
25 silly audit   'normalize-path': [ '3.0.0' ],
25 silly audit   'object-assign': [ '4.1.1' ],
25 silly audit   'object-hash': [ '3.0.0' ],
25 silly audit   optionator: [ '0.9.4' ],
25 silly audit   'p-limit': [ '3.1.0' ],
25 silly audit   'p-locate': [ '5.0.0' ],
25 silly audit   'parent-module': [ '1.0.1' ],
25 silly audit   'path-exists': [ '4.0.0' ],
25 silly audit   'path-key': [ '3.1.1' ],
25 silly audit   'path-parse': [ '1.0.7' ],
25 silly audit   picocolors: [ '1.1.1' ],
25 silly audit   pify: [ '2.3.0' ],
25 silly audit   pirates: [ '4.0.7' ],
25 silly audit   postcss: [ '8.5.8' ],
25 silly audit   'postcss-import': [ '15.1.0' ],
25 silly audit   'postcss-js': [ '4.1.0' ],
25 silly audit   'postcss-load-config': [ '6.0.1' ],
25 silly audit   'postcss-nested': [ '6.2.0' ],
25 silly audit   'postcss-selector-parser': [ '6.1.2' ],
25 silly audit   'postcss-value-parser': [ '4.2.0' ],
25 silly audit   'prelude-ls': [ '1.2.1' ],
25 silly audit   'proxy-from-env': [ '2.1.0' ],
25 silly audit   punycode: [ '2.3.1' ],
25 silly audit   'queue-microtask': [ '1.2.3' ],
25 silly audit   react: [ '19.2.4' ],
25 silly audit   'react-dom': [ '19.2.4' ],
25 silly audit   'react-hot-toast': [ '2.6.0' ],
25 silly audit   'react-is': [ '19.2.4' ],
25 silly audit   'react-redux': [ '9.2.0' ],
25 silly audit   'react-router': [ '7.14.0' ],
25 silly audit   'react-router-dom': [ '7.14.0' ],
25 silly audit   'read-cache': [ '1.0.0' ],
25 silly audit   readdirp: [ '3.6.0' ],
25 silly audit   recharts: [ '3.8.1' ],
25 silly audit   redux: [ '5.0.1' ],
25 silly audit   'redux-thunk': [ '3.1.0' ],
25 silly audit   reselect: [ '5.1.1' ],
25 silly audit   resolve: [ '1.22.11' ],
25 silly audit   'resolve-from': [ '4.0.0' ],
25 silly audit   reusify: [ '1.1.0' ],
25 silly audit   rolldown: [ '1.0.0-rc.12' ],
25 silly audit   'run-parallel': [ '1.2.0' ],
25 silly audit   scheduler: [ '0.27.0' ],
25 silly audit   semver: [ '6.3.1' ],
25 silly audit   'set-cookie-parser': [ '2.7.2' ],
25 silly audit   'shebang-command': [ '2.0.0' ],
25 silly audit   'shebang-regex': [ '3.0.0' ],
25 silly audit   'source-map-js': [ '1.2.1' ],
25 silly audit   'strip-json-comments': [ '3.1.1' ],
25 silly audit   sucrase: [ '3.35.1' ],
25 silly audit   'supports-color': [ '7.2.0' ],
25 silly audit   'supports-preserve-symlinks-flag': [ '1.0.0' ],
25 silly audit   'tailwind-merge': [ '3.5.0' ],
25 silly audit   tailwindcss: [ '3.4.19' ],
25 silly audit   thenify: [ '3.3.1' ],
25 silly audit   'thenify-all': [ '1.6.0' ],
25 silly audit   'tiny-invariant': [ '1.3.3' ],
25 silly audit   tinyglobby: [ '0.2.15' ],
25 silly audit   'to-regex-range': [ '5.0.1' ],
25 silly audit   'ts-interface-checker': [ '0.1.13' ],
25 silly audit   tslib: [ '2.8.1' ],
25 silly audit   'type-check': [ '0.4.0' ],
25 silly audit   'update-browserslist-db': [ '1.2.3' ],
25 silly audit   'uri-js': [ '4.4.1' ],
25 silly audit   'use-sync-external-store': [ '1.6.0' ],
25 silly audit   'util-deprecate': [ '1.0.2' ],
25 silly audit   'victory-vendor': [ '37.3.6' ],
25 silly audit   vite: [ '8.0.3' ],
25 silly audit   which: [ '2.0.2' ],
25 silly audit   'word-wrap': [ '1.2.5' ],
25 silly audit   yallist: [ '3.1.1' ],
25 silly audit   'yocto-queue': [ '0.1.0' ],
25 silly audit   zod: [ '4.3.6' ],
25 silly audit   'zod-validation-error': [ '4.0.2' ],
25 silly audit   '@emnapi/core': [ '1.10.0' ],
25 silly audit   '@emnapi/runtime': [ '1.10.0' ]
25 silly audit }
26 http cache zod-validation-error@https://registry.npmjs.org/zod-validation-error/-/zod-validation-error-4.0.2.tgz 0ms (cache hit)
27 http cache zod@https://registry.npmjs.org/zod/-/zod-4.3.6.tgz 0ms (cache hit)
28 http cache yocto-queue@https://registry.npmjs.org/yocto-queue/-/yocto-queue-0.1.0.tgz 0ms (cache hit)
29 http cache yallist@https://registry.npmjs.org/yallist/-/yallist-3.1.1.tgz 0ms (cache hit)
30 http cache word-wrap@https://registry.npmjs.org/word-wrap/-/word-wrap-1.2.5.tgz 0ms (cache hit)
31 http cache which@https://registry.npmjs.org/which/-/which-2.0.2.tgz 0ms (cache hit)
32 http cache vite@https://registry.npmjs.org/vite/-/vite-8.0.3.tgz 0ms (cache hit)
33 http cache victory-vendor@https://registry.npmjs.org/victory-vendor/-/victory-vendor-37.3.6.tgz 0ms (cache hit)
34 http cache util-deprecate@https://registry.npmjs.org/util-deprecate/-/util-deprecate-1.0.2.tgz 0ms (cache hit)
35 http cache use-sync-external-store@https://registry.npmjs.org/use-sync-external-store/-/use-sync-external-store-1.6.0.tgz 0ms (cache hit)
36 http cache update-browserslist-db@https://registry.npmjs.org/update-browserslist-db/-/update-browserslist-db-1.2.3.tgz 0ms (cache hit)
37 http cache uri-js@https://registry.npmjs.org/uri-js/-/uri-js-4.4.1.tgz 0ms (cache hit)
38 http cache type-check@https://registry.npmjs.org/type-check/-/type-check-0.4.0.tgz 0ms (cache hit)
39 http cache tslib@https://registry.npmjs.org/tslib/-/tslib-2.8.1.tgz 0ms (cache hit)
40 http cache ts-interface-checker@https://registry.npmjs.org/ts-interface-checker/-/ts-interface-checker-0.1.13.tgz 0ms (cache hit)
41 http cache to-regex-range@https://registry.npmjs.org/to-regex-range/-/to-regex-range-5.0.1.tgz 0ms (cache hit)
42 http cache tinyglobby@https://registry.npmjs.org/tinyglobby/-/tinyglobby-0.2.15.tgz 0ms (cache hit)
43 http cache tiny-invariant@https://registry.npmjs.org/tiny-invariant/-/tiny-invariant-1.3.3.tgz 0ms (cache hit)
44 http cache thenify-all@https://registry.npmjs.org/thenify-all/-/thenify-all-1.6.0.tgz 0ms (cache hit)
45 http cache thenify@https://registry.npmjs.org/thenify/-/thenify-3.3.1.tgz 0ms (cache hit)
46 http cache tailwindcss@https://registry.npmjs.org/tailwindcss/-/tailwindcss-3.4.19.tgz 0ms (cache hit)
47 http cache tailwind-merge@https://registry.npmjs.org/tailwind-merge/-/tailwind-merge-3.5.0.tgz 0ms (cache hit)
48 http cache supports-preserve-symlinks-flag@https://registry.npmjs.org/supports-preserve-symlinks-flag/-/supports-preserve-symlinks-flag-1.0.0.tgz 0ms (cache hit)
49 http cache supports-color@https://registry.npmjs.org/supports-color/-/supports-color-7.2.0.tgz 0ms (cache hit)
50 http cache sucrase@https://registry.npmjs.org/sucrase/-/sucrase-3.35.1.tgz 0ms (cache hit)
51 http cache strip-json-comments@https://registry.npmjs.org/strip-json-comments/-/strip-json-comments-3.1.1.tgz 0ms (cache hit)
52 http cache source-map-js@https://registry.npmjs.org/source-map-js/-/source-map-js-1.2.1.tgz 0ms (cache hit)
53 http cache shebang-regex@https://registry.npmjs.org/shebang-regex/-/shebang-regex-3.0.0.tgz 1ms (cache hit)
54 http cache shebang-command@https://registry.npmjs.org/shebang-command/-/shebang-command-2.0.0.tgz 0ms (cache hit)
55 http cache set-cookie-parser@https://registry.npmjs.org/set-cookie-parser/-/set-cookie-parser-2.7.2.tgz 0ms (cache hit)
56 http cache semver@https://registry.npmjs.org/semver/-/semver-6.3.1.tgz 0ms (cache hit)
57 http cache scheduler@https://registry.npmjs.org/scheduler/-/scheduler-0.27.0.tgz 0ms (cache hit)
58 http cache run-parallel@https://registry.npmjs.org/run-parallel/-/run-parallel-1.2.0.tgz 0ms (cache hit)
59 http cache rolldown@https://registry.npmjs.org/rolldown/-/rolldown-1.0.0-rc.12.tgz 0ms (cache hit)
60 http cache reusify@https://registry.npmjs.org/reusify/-/reusify-1.1.0.tgz 0ms (cache hit)
61 http cache resolve-from@https://registry.npmjs.org/resolve-from/-/resolve-from-4.0.0.tgz 0ms (cache hit)
62 http cache resolve@https://registry.npmjs.org/resolve/-/resolve-1.22.11.tgz 0ms (cache hit)
63 http cache reselect@https://registry.npmjs.org/reselect/-/reselect-5.1.1.tgz 0ms (cache hit)
64 http cache redux-thunk@https://registry.npmjs.org/redux-thunk/-/redux-thunk-3.1.0.tgz 0ms (cache hit)
65 http cache redux@https://registry.npmjs.org/redux/-/redux-5.0.1.tgz 0ms (cache hit)
66 http cache recharts@https://registry.npmjs.org/recharts/-/recharts-3.8.1.tgz 0ms (cache hit)
67 http cache readdirp@https://registry.npmjs.org/readdirp/-/readdirp-3.6.0.tgz 0ms (cache hit)
68 http cache read-cache@https://registry.npmjs.org/read-cache/-/read-cache-1.0.0.tgz 0ms (cache hit)
69 http cache react-router-dom@https://registry.npmjs.org/react-router-dom/-/react-router-dom-7.14.0.tgz 0ms (cache hit)
70 http cache react-router@https://registry.npmjs.org/react-router/-/react-router-7.14.0.tgz 0ms (cache hit)
71 http cache react-redux@https://registry.npmjs.org/react-redux/-/react-redux-9.2.0.tgz 0ms (cache hit)
72 http cache react-is@https://registry.npmjs.org/react-is/-/react-is-19.2.4.tgz 0ms (cache hit)
73 http cache react-hot-toast@https://registry.npmjs.org/react-hot-toast/-/react-hot-toast-2.6.0.tgz 0ms (cache hit)
74 http cache react-dom@https://registry.npmjs.org/react-dom/-/react-dom-19.2.4.tgz 0ms (cache hit)
75 http cache react@https://registry.npmjs.org/react/-/react-19.2.4.tgz 0ms (cache hit)
76 http cache queue-microtask@https://registry.npmjs.org/queue-microtask/-/queue-microtask-1.2.3.tgz 0ms (cache hit)
77 http cache punycode@https://registry.npmjs.org/punycode/-/punycode-2.3.1.tgz 0ms (cache hit)
78 http cache prelude-ls@https://registry.npmjs.org/prelude-ls/-/prelude-ls-1.2.1.tgz 0ms (cache hit)
79 http cache proxy-from-env@https://registry.npmjs.org/proxy-from-env/-/proxy-from-env-2.1.0.tgz 0ms (cache hit)
80 http cache postcss-value-parser@https://registry.npmjs.org/postcss-value-parser/-/postcss-value-parser-4.2.0.tgz 0ms (cache hit)
81 http cache postcss-selector-parser@https://registry.npmjs.org/postcss-selector-parser/-/postcss-selector-parser-6.1.2.tgz 0ms (cache hit)
82 http cache postcss-nested@https://registry.npmjs.org/postcss-nested/-/postcss-nested-6.2.0.tgz 0ms (cache hit)
83 http cache postcss-load-config@https://registry.npmjs.org/postcss-load-config/-/postcss-load-config-6.0.1.tgz 0ms (cache hit)
84 http cache postcss-js@https://registry.npmjs.org/postcss-js/-/postcss-js-4.1.0.tgz 1ms (cache hit)
85 http cache postcss-import@https://registry.npmjs.org/postcss-import/-/postcss-import-15.1.0.tgz 0ms (cache hit)
86 http cache postcss@https://registry.npmjs.org/postcss/-/postcss-8.5.8.tgz 0ms (cache hit)
87 http cache pirates@https://registry.npmjs.org/pirates/-/pirates-4.0.7.tgz 0ms (cache hit)
88 http cache pify@https://registry.npmjs.org/pify/-/pify-2.3.0.tgz 0ms (cache hit)
89 http cache picomatch@https://registry.npmjs.org/picomatch/-/picomatch-4.0.4.tgz 0ms (cache hit)
90 http cache picocolors@https://registry.npmjs.org/picocolors/-/picocolors-1.1.1.tgz 0ms (cache hit)
91 http cache path-parse@https://registry.npmjs.org/path-parse/-/path-parse-1.0.7.tgz 0ms (cache hit)
92 http cache path-key@https://registry.npmjs.org/path-key/-/path-key-3.1.1.tgz 0ms (cache hit)
93 http cache path-exists@https://registry.npmjs.org/path-exists/-/path-exists-4.0.0.tgz 0ms (cache hit)
94 http cache parent-module@https://registry.npmjs.org/parent-module/-/parent-module-1.0.1.tgz 0ms (cache hit)
95 http cache p-locate@https://registry.npmjs.org/p-locate/-/p-locate-5.0.0.tgz 0ms (cache hit)
96 http cache p-limit@https://registry.npmjs.org/p-limit/-/p-limit-3.1.0.tgz 0ms (cache hit)
97 http cache optionator@https://registry.npmjs.org/optionator/-/optionator-0.9.4.tgz 0ms (cache hit)
98 http cache object-hash@https://registry.npmjs.org/object-hash/-/object-hash-3.0.0.tgz 0ms (cache hit)
99 http cache object-assign@https://registry.npmjs.org/object-assign/-/object-assign-4.1.1.tgz 0ms (cache hit)
100 http cache normalize-path@https://registry.npmjs.org/normalize-path/-/normalize-path-3.0.0.tgz 0ms (cache hit)
101 http cache node-releases@https://registry.npmjs.org/node-releases/-/node-releases-2.0.37.tgz 0ms (cache hit)
102 http cache natural-compare@https://registry.npmjs.org/natural-compare/-/natural-compare-1.4.0.tgz 0ms (cache hit)
103 http cache nanoid@https://registry.npmjs.org/nanoid/-/nanoid-3.3.11.tgz 0ms (cache hit)
104 http cache mz@https://registry.npmjs.org/mz/-/mz-2.7.0.tgz 0ms (cache hit)
105 http cache ms@https://registry.npmjs.org/ms/-/ms-2.1.3.tgz 0ms (cache hit)
106 http cache motion-utils@https://registry.npmjs.org/motion-utils/-/motion-utils-12.36.0.tgz 0ms (cache hit)
107 http cache motion-dom@https://registry.npmjs.org/motion-dom/-/motion-dom-12.38.0.tgz 0ms (cache hit)
108 http cache minimatch@https://registry.npmjs.org/minimatch/-/minimatch-3.1.5.tgz 0ms (cache hit)
109 http cache mime-types@https://registry.npmjs.org/mime-types/-/mime-types-2.1.35.tgz 0ms (cache hit)
110 http cache mime-db@https://registry.npmjs.org/mime-db/-/mime-db-1.52.0.tgz 0ms (cache hit)
111 http cache micromatch@https://registry.npmjs.org/micromatch/-/micromatch-4.0.8.tgz 0ms (cache hit)
112 http cache merge2@https://registry.npmjs.org/merge2/-/merge2-1.4.1.tgz 0ms (cache hit)
113 http cache math-intrinsics@https://registry.npmjs.org/math-intrinsics/-/math-intrinsics-1.1.0.tgz 0ms (cache hit)
114 http cache lucide-react@https://registry.npmjs.org/lucide-react/-/lucide-react-1.7.0.tgz 0ms (cache hit)
115 http cache lru-cache@https://registry.npmjs.org/lru-cache/-/lru-cache-5.1.1.tgz 0ms (cache hit)
116 http cache lodash.merge@https://registry.npmjs.org/lodash.merge/-/lodash.merge-4.6.2.tgz 0ms (cache hit)
117 http cache locate-path@https://registry.npmjs.org/locate-path/-/locate-path-6.0.0.tgz 0ms (cache hit)
118 http cache lines-and-columns@https://registry.npmjs.org/lines-and-columns/-/lines-and-columns-1.2.4.tgz 0ms (cache hit)
119 http cache lilconfig@https://registry.npmjs.org/lilconfig/-/lilconfig-3.1.3.tgz 0ms (cache hit)
120 http cache lightningcss-win32-x64-msvc@https://registry.npmjs.org/lightningcss-win32-x64-msvc/-/lightningcss-win32-x64-msvc-1.32.0.tgz 0ms (cache hit)
121 http cache lightningcss@https://registry.npmjs.org/lightningcss/-/lightningcss-1.32.0.tgz 0ms (cache hit)
122 http cache levn@https://registry.npmjs.org/levn/-/levn-0.4.1.tgz 0ms (cache hit)
123 http cache keyv@https://registry.npmjs.org/keyv/-/keyv-4.5.4.tgz 0ms (cache hit)
124 http cache json5@https://registry.npmjs.org/json5/-/json5-2.2.3.tgz 0ms (cache hit)
125 http cache json-stable-stringify-without-jsonify@https://registry.npmjs.org/json-stable-stringify-without-jsonify/-/json-stable-stringify-without-jsonify-1.0.1.tgz 0ms (cache hit)
126 http cache json-schema-traverse@https://registry.npmjs.org/json-schema-traverse/-/json-schema-traverse-0.4.1.tgz 0ms (cache hit)
127 http cache json-buffer@https://registry.npmjs.org/json-buffer/-/json-buffer-3.0.1.tgz 0ms (cache hit)
128 http cache jsesc@https://registry.npmjs.org/jsesc/-/jsesc-3.1.0.tgz 0ms (cache hit)
129 http cache js-yaml@https://registry.npmjs.org/js-yaml/-/js-yaml-4.1.1.tgz 0ms (cache hit)
130 http cache js-tokens@https://registry.npmjs.org/js-tokens/-/js-tokens-4.0.0.tgz 0ms (cache hit)
131 http cache jiti@https://registry.npmjs.org/jiti/-/jiti-1.21.7.tgz 0ms (cache hit)
132 http cache isexe@https://registry.npmjs.org/isexe/-/isexe-2.0.0.tgz 0ms (cache hit)
133 http cache is-number@https://registry.npmjs.org/is-number/-/is-number-7.0.0.tgz 0ms (cache hit)
134 http cache is-glob@https://registry.npmjs.org/is-glob/-/is-glob-4.0.3.tgz 0ms (cache hit)
135 http cache is-extglob@https://registry.npmjs.org/is-extglob/-/is-extglob-2.1.1.tgz 0ms (cache hit)
136 http cache is-core-module@https://registry.npmjs.org/is-core-module/-/is-core-module-2.16.1.tgz 0ms (cache hit)
137 http cache is-binary-path@https://registry.npmjs.org/is-binary-path/-/is-binary-path-2.1.0.tgz 0ms (cache hit)
138 http cache internmap@https://registry.npmjs.org/internmap/-/internmap-2.0.3.tgz 0ms (cache hit)
139 http cache imurmurhash@https://registry.npmjs.org/imurmurhash/-/imurmurhash-0.1.4.tgz 0ms (cache hit)
140 http cache import-fresh@https://registry.npmjs.org/import-fresh/-/import-fresh-3.3.1.tgz 0ms (cache hit)
141 http cache immer@https://registry.npmjs.org/immer/-/immer-10.2.0.tgz 0ms (cache hit)
142 http cache ignore@https://registry.npmjs.org/ignore/-/ignore-5.3.2.tgz 1ms (cache hit)
143 http cache hermes-parser@https://registry.npmjs.org/hermes-parser/-/hermes-parser-0.25.1.tgz 0ms (cache hit)
144 http cache hermes-estree@https://registry.npmjs.org/hermes-estree/-/hermes-estree-0.25.1.tgz 0ms (cache hit)
145 http cache hasown@https://registry.npmjs.org/hasown/-/hasown-2.0.2.tgz 0ms (cache hit)
146 http cache has-tostringtag@https://registry.npmjs.org/has-tostringtag/-/has-tostringtag-1.0.2.tgz 0ms (cache hit)
147 http cache has-symbols@https://registry.npmjs.org/has-symbols/-/has-symbols-1.1.0.tgz 0ms (cache hit)
148 http cache has-flag@https://registry.npmjs.org/has-flag/-/has-flag-4.0.0.tgz 0ms (cache hit)
149 http cache gopd@https://registry.npmjs.org/gopd/-/gopd-1.2.0.tgz 0ms (cache hit)
150 http cache goober@https://registry.npmjs.org/goober/-/goober-2.1.18.tgz 0ms (cache hit)
151 http cache globals@https://registry.npmjs.org/globals/-/globals-17.4.0.tgz 0ms (cache hit)
152 http cache glob-parent@https://registry.npmjs.org/glob-parent/-/glob-parent-6.0.2.tgz 0ms (cache hit)
153 http cache get-proto@https://registry.npmjs.org/get-proto/-/get-proto-1.0.1.tgz 0ms (cache hit)
154 http cache get-intrinsic@https://registry.npmjs.org/get-intrinsic/-/get-intrinsic-1.3.0.tgz 0ms (cache hit)
155 http cache gensync@https://registry.npmjs.org/gensync/-/gensync-1.0.0-beta.2.tgz 0ms (cache hit)
156 http cache function-bind@https://registry.npmjs.org/function-bind/-/function-bind-1.1.2.tgz 0ms (cache hit)
157 http cache framer-motion@https://registry.npmjs.org/framer-motion/-/framer-motion-12.38.0.tgz 0ms (cache hit)
158 http cache fraction.js@https://registry.npmjs.org/fraction.js/-/fraction.js-5.3.4.tgz 0ms (cache hit)
159 http cache form-data@https://registry.npmjs.org/form-data/-/form-data-4.0.5.tgz 0ms (cache hit)
160 http cache follow-redirects@https://registry.npmjs.org/follow-redirects/-/follow-redirects-1.15.11.tgz 0ms (cache hit)
161 http cache flatted@https://registry.npmjs.org/flatted/-/flatted-3.4.2.tgz 0ms (cache hit)
162 http cache flat-cache@https://registry.npmjs.org/flat-cache/-/flat-cache-4.0.1.tgz 0ms (cache hit)
163 http cache find-up@https://registry.npmjs.org/find-up/-/find-up-5.0.0.tgz 0ms (cache hit)
164 http cache fill-range@https://registry.npmjs.org/fill-range/-/fill-range-7.1.1.tgz 0ms (cache hit)
165 http cache file-entry-cache@https://registry.npmjs.org/file-entry-cache/-/file-entry-cache-8.0.0.tgz 0ms (cache hit)
166 http cache fastq@https://registry.npmjs.org/fastq/-/fastq-1.20.1.tgz 0ms (cache hit)
167 http cache fdir@https://registry.npmjs.org/fdir/-/fdir-6.5.0.tgz 0ms (cache hit)
168 http cache fast-levenshtein@https://registry.npmjs.org/fast-levenshtein/-/fast-levenshtein-2.0.6.tgz 0ms (cache hit)
169 http cache fast-json-stable-stringify@https://registry.npmjs.org/fast-json-stable-stringify/-/fast-json-stable-stringify-2.1.0.tgz 0ms (cache hit)
170 http cache fast-glob@https://registry.npmjs.org/fast-glob/-/fast-glob-3.3.3.tgz 0ms (cache hit)
171 http cache fast-deep-equal@https://registry.npmjs.org/fast-deep-equal/-/fast-deep-equal-3.1.3.tgz 0ms (cache hit)
172 http cache eventemitter3@https://registry.npmjs.org/eventemitter3/-/eventemitter3-5.0.4.tgz 1ms (cache hit)
173 http cache esutils@https://registry.npmjs.org/esutils/-/esutils-2.0.3.tgz 0ms (cache hit)
174 http cache estraverse@https://registry.npmjs.org/estraverse/-/estraverse-5.3.0.tgz 0ms (cache hit)
175 http cache esrecurse@https://registry.npmjs.org/esrecurse/-/esrecurse-4.3.0.tgz 1ms (cache hit)
176 http cache esquery@https://registry.npmjs.org/esquery/-/esquery-1.7.0.tgz 0ms (cache hit)
177 http cache espree@https://registry.npmjs.org/espree/-/espree-10.4.0.tgz 0ms (cache hit)
178 http cache eslint-visitor-keys@https://registry.npmjs.org/eslint-visitor-keys/-/eslint-visitor-keys-4.2.1.tgz 0ms (cache hit)
179 http cache eslint-scope@https://registry.npmjs.org/eslint-scope/-/eslint-scope-8.4.0.tgz 0ms (cache hit)
180 http cache eslint-plugin-react-refresh@https://registry.npmjs.org/eslint-plugin-react-refresh/-/eslint-plugin-react-refresh-0.5.2.tgz 0ms (cache hit)
181 http cache eslint-plugin-react-hooks@https://registry.npmjs.org/eslint-plugin-react-hooks/-/eslint-plugin-react-hooks-7.0.1.tgz 0ms (cache hit)
182 http cache eslint@https://registry.npmjs.org/eslint/-/eslint-9.39.4.tgz 0ms (cache hit)
183 http cache escape-string-regexp@https://registry.npmjs.org/escape-string-regexp/-/escape-string-regexp-4.0.0.tgz 0ms (cache hit)
184 http cache escalade@https://registry.npmjs.org/escalade/-/escalade-3.2.0.tgz 0ms (cache hit)
185 http cache es-toolkit@https://registry.npmjs.org/es-toolkit/-/es-toolkit-1.45.1.tgz 0ms (cache hit)
186 http cache es-set-tostringtag@https://registry.npmjs.org/es-set-tostringtag/-/es-set-tostringtag-2.1.0.tgz 0ms (cache hit)
187 http cache es-object-atoms@https://registry.npmjs.org/es-object-atoms/-/es-object-atoms-1.1.1.tgz 0ms (cache hit)
188 http cache es-errors@https://registry.npmjs.org/es-errors/-/es-errors-1.3.0.tgz 1ms (cache hit)
189 http cache electron-to-chromium@https://registry.npmjs.org/electron-to-chromium/-/electron-to-chromium-1.5.331.tgz 0ms (cache hit)
190 http cache es-define-property@https://registry.npmjs.org/es-define-property/-/es-define-property-1.0.1.tgz 0ms (cache hit)
191 http cache dunder-proto@https://registry.npmjs.org/dunder-proto/-/dunder-proto-1.0.1.tgz 0ms (cache hit)
192 http cache dlv@https://registry.npmjs.org/dlv/-/dlv-1.1.3.tgz 0ms (cache hit)
193 http cache didyoumean@https://registry.npmjs.org/didyoumean/-/didyoumean-1.2.2.tgz 0ms (cache hit)
194 http cache detect-libc@https://registry.npmjs.org/detect-libc/-/detect-libc-2.1.2.tgz 0ms (cache hit)
195 http cache delayed-stream@https://registry.npmjs.org/delayed-stream/-/delayed-stream-1.0.0.tgz 0ms (cache hit)
196 http cache deep-is@https://registry.npmjs.org/deep-is/-/deep-is-0.1.4.tgz 0ms (cache hit)
197 http cache decimal.js-light@https://registry.npmjs.org/decimal.js-light/-/decimal.js-light-2.5.1.tgz 0ms (cache hit)
198 http cache debug@https://registry.npmjs.org/debug/-/debug-4.4.3.tgz 0ms (cache hit)
199 http cache d3-timer@https://registry.npmjs.org/d3-timer/-/d3-timer-3.0.1.tgz 1ms (cache hit)
200 http cache d3-time-format@https://registry.npmjs.org/d3-time-format/-/d3-time-format-4.1.0.tgz 0ms (cache hit)
201 http cache d3-time@https://registry.npmjs.org/d3-time/-/d3-time-3.1.0.tgz 0ms (cache hit)
202 http cache d3-shape@https://registry.npmjs.org/d3-shape/-/d3-shape-3.2.0.tgz 0ms (cache hit)
203 http cache d3-scale@https://registry.npmjs.org/d3-scale/-/d3-scale-4.0.2.tgz 0ms (cache hit)
204 http cache d3-path@https://registry.npmjs.org/d3-path/-/d3-path-3.1.0.tgz 0ms (cache hit)
205 http cache d3-interpolate@https://registry.npmjs.org/d3-interpolate/-/d3-interpolate-3.0.1.tgz 0ms (cache hit)
206 http cache d3-format@https://registry.npmjs.org/d3-format/-/d3-format-3.1.2.tgz 0ms (cache hit)
207 http cache d3-ease@https://registry.npmjs.org/d3-ease/-/d3-ease-3.0.1.tgz 0ms (cache hit)
208 http cache d3-color@https://registry.npmjs.org/d3-color/-/d3-color-3.1.0.tgz 0ms (cache hit)
209 http cache d3-array@https://registry.npmjs.org/d3-array/-/d3-array-3.2.4.tgz 0ms (cache hit)
210 http cache csstype@https://registry.npmjs.org/csstype/-/csstype-3.2.3.tgz 0ms (cache hit)
211 http cache cssesc@https://registry.npmjs.org/cssesc/-/cssesc-3.0.0.tgz 0ms (cache hit)
212 http cache cross-spawn@https://registry.npmjs.org/cross-spawn/-/cross-spawn-7.0.6.tgz 0ms (cache hit)
213 http cache cookie@https://registry.npmjs.org/cookie/-/cookie-1.1.1.tgz 0ms (cache hit)
214 http cache convert-source-map@https://registry.npmjs.org/convert-source-map/-/convert-source-map-2.0.0.tgz 0ms (cache hit)
215 http cache concat-map@https://registry.npmjs.org/concat-map/-/concat-map-0.0.1.tgz 0ms (cache hit)
216 http cache commander@https://registry.npmjs.org/commander/-/commander-4.1.1.tgz 0ms (cache hit)
217 http cache combined-stream@https://registry.npmjs.org/combined-stream/-/combined-stream-1.0.8.tgz 0ms (cache hit)
218 http cache color-name@https://registry.npmjs.org/color-name/-/color-name-1.1.4.tgz 0ms (cache hit)
219 http cache color-convert@https://registry.npmjs.org/color-convert/-/color-convert-2.0.1.tgz 0ms (cache hit)
220 http cache clsx@https://registry.npmjs.org/clsx/-/clsx-2.1.1.tgz 0ms (cache hit)
221 http cache chokidar@https://registry.npmjs.org/chokidar/-/chokidar-3.6.0.tgz 0ms (cache hit)
222 http cache chalk@https://registry.npmjs.org/chalk/-/chalk-4.1.2.tgz 0ms (cache hit)
223 http cache caniuse-lite@https://registry.npmjs.org/caniuse-lite/-/caniuse-lite-1.0.30001785.tgz 1ms (cache hit)
224 http cache camelcase-css@https://registry.npmjs.org/camelcase-css/-/camelcase-css-2.0.1.tgz 0ms (cache hit)
225 http cache callsites@https://registry.npmjs.org/callsites/-/callsites-3.1.0.tgz 0ms (cache hit)
226 http cache call-bind-apply-helpers@https://registry.npmjs.org/call-bind-apply-helpers/-/call-bind-apply-helpers-1.0.2.tgz 0ms (cache hit)
227 http cache browserslist@https://registry.npmjs.org/browserslist/-/browserslist-4.28.2.tgz 0ms (cache hit)
228 http cache braces@https://registry.npmjs.org/braces/-/braces-3.0.3.tgz 0ms (cache hit)
229 http cache brace-expansion@https://registry.npmjs.org/brace-expansion/-/brace-expansion-1.1.13.tgz 0ms (cache hit)
230 http cache binary-extensions@https://registry.npmjs.org/binary-extensions/-/binary-extensions-2.3.0.tgz 0ms (cache hit)
231 http cache baseline-browser-mapping@https://registry.npmjs.org/baseline-browser-mapping/-/baseline-browser-mapping-2.10.14.tgz 0ms (cache hit)
232 http cache balanced-match@https://registry.npmjs.org/balanced-match/-/balanced-match-1.0.2.tgz 0ms (cache hit)
233 http cache axios@https://registry.npmjs.org/axios/-/axios-1.15.0.tgz 0ms (cache hit)
234 http cache autoprefixer@https://registry.npmjs.org/autoprefixer/-/autoprefixer-10.4.27.tgz 0ms (cache hit)
235 http cache asynckit@https://registry.npmjs.org/asynckit/-/asynckit-0.4.0.tgz 0ms (cache hit)
236 http cache argparse@https://registry.npmjs.org/argparse/-/argparse-2.0.1.tgz 0ms (cache hit)
237 http cache arg@https://registry.npmjs.org/arg/-/arg-5.0.2.tgz 0ms (cache hit)
238 http cache anymatch@https://registry.npmjs.org/anymatch/-/anymatch-3.1.3.tgz 0ms (cache hit)
239 http cache any-promise@https://registry.npmjs.org/any-promise/-/any-promise-1.3.0.tgz 0ms (cache hit)
240 http cache ansi-styles@https://registry.npmjs.org/ansi-styles/-/ansi-styles-4.3.0.tgz 0ms (cache hit)
241 http cache ajv@https://registry.npmjs.org/ajv/-/ajv-6.14.0.tgz 0ms (cache hit)
242 http cache acorn-jsx@https://registry.npmjs.org/acorn-jsx/-/acorn-jsx-5.3.2.tgz 1ms (cache hit)
243 http cache acorn@https://registry.npmjs.org/acorn/-/acorn-8.16.0.tgz 0ms (cache hit)
244 http cache @vitejs/plugin-react@https://registry.npmjs.org/@vitejs/plugin-react/-/plugin-react-6.0.1.tgz 0ms (cache hit)
245 http cache @types/use-sync-external-store@https://registry.npmjs.org/@types/use-sync-external-store/-/use-sync-external-store-0.0.6.tgz 0ms (cache hit)
246 http cache @types/react@https://registry.npmjs.org/@types/react/-/react-19.2.14.tgz 0ms (cache hit)
247 http cache @types/react-dom@https://registry.npmjs.org/@types/react-dom/-/react-dom-19.2.3.tgz 0ms (cache hit)
248 http cache @types/json-schema@https://registry.npmjs.org/@types/json-schema/-/json-schema-7.0.15.tgz 0ms (cache hit)
249 http cache @types/estree@https://registry.npmjs.org/@types/estree/-/estree-1.0.8.tgz 0ms (cache hit)
250 http cache @types/d3-timer@https://registry.npmjs.org/@types/d3-timer/-/d3-timer-3.0.2.tgz 0ms (cache hit)
251 http cache @types/d3-time@https://registry.npmjs.org/@types/d3-time/-/d3-time-3.0.4.tgz 0ms (cache hit)
252 http cache @types/d3-shape@https://registry.npmjs.org/@types/d3-shape/-/d3-shape-3.1.8.tgz 0ms (cache hit)
253 http cache @types/d3-scale@https://registry.npmjs.org/@types/d3-scale/-/d3-scale-4.0.9.tgz 0ms (cache hit)
254 http cache @types/d3-path@https://registry.npmjs.org/@types/d3-path/-/d3-path-3.1.1.tgz 0ms (cache hit)
255 http cache @types/d3-interpolate@https://registry.npmjs.org/@types/d3-interpolate/-/d3-interpolate-3.0.4.tgz 0ms (cache hit)
256 http cache @types/d3-ease@https://registry.npmjs.org/@types/d3-ease/-/d3-ease-3.0.2.tgz 0ms (cache hit)
257 http cache @types/d3-color@https://registry.npmjs.org/@types/d3-color/-/d3-color-3.1.3.tgz 0ms (cache hit)
258 http cache @types/d3-array@https://registry.npmjs.org/@types/d3-array/-/d3-array-3.2.2.tgz 0ms (cache hit)
259 http cache @standard-schema/utils@https://registry.npmjs.org/@standard-schema/utils/-/utils-0.3.0.tgz 1ms (cache hit)
260 http cache @standard-schema/spec@https://registry.npmjs.org/@standard-schema/spec/-/spec-1.1.0.tgz 0ms (cache hit)
261 http cache @rolldown/pluginutils@https://registry.npmjs.org/@rolldown/pluginutils/-/pluginutils-1.0.0-rc.7.tgz 0ms (cache hit)
262 http cache @rolldown/binding-win32-x64-msvc@https://registry.npmjs.org/@rolldown/binding-win32-x64-msvc/-/binding-win32-x64-msvc-1.0.0-rc.12.tgz 0ms (cache hit)
263 http cache @reduxjs/toolkit@https://registry.npmjs.org/@reduxjs/toolkit/-/toolkit-2.11.2.tgz 0ms (cache hit)
264 http cache @oxc-project/types@https://registry.npmjs.org/@oxc-project/types/-/types-0.122.0.tgz 0ms (cache hit)
265 http cache @nodelib/fs.walk@https://registry.npmjs.org/@nodelib/fs.walk/-/fs.walk-1.2.8.tgz 0ms (cache hit)
266 http cache @nodelib/fs.stat@https://registry.npmjs.org/@nodelib/fs.stat/-/fs.stat-2.0.5.tgz 0ms (cache hit)
267 http cache @nodelib/fs.scandir@https://registry.npmjs.org/@nodelib/fs.scandir/-/fs.scandir-2.1.5.tgz 0ms (cache hit)
268 http cache @jridgewell/trace-mapping@https://registry.npmjs.org/@jridgewell/trace-mapping/-/trace-mapping-0.3.31.tgz 0ms (cache hit)
269 http cache @jridgewell/sourcemap-codec@https://registry.npmjs.org/@jridgewell/sourcemap-codec/-/sourcemap-codec-1.5.5.tgz 0ms (cache hit)
270 http cache @jridgewell/resolve-uri@https://registry.npmjs.org/@jridgewell/resolve-uri/-/resolve-uri-3.1.2.tgz 0ms (cache hit)
271 http cache @jridgewell/remapping@https://registry.npmjs.org/@jridgewell/remapping/-/remapping-2.3.5.tgz 0ms (cache hit)
272 http cache @jridgewell/gen-mapping@https://registry.npmjs.org/@jridgewell/gen-mapping/-/gen-mapping-0.3.13.tgz 0ms (cache hit)
273 http cache @humanwhocodes/retry@https://registry.npmjs.org/@humanwhocodes/retry/-/retry-0.4.3.tgz 0ms (cache hit)
274 http cache @humanwhocodes/module-importer@https://registry.npmjs.org/@humanwhocodes/module-importer/-/module-importer-1.0.1.tgz 0ms (cache hit)
275 http cache @humanfs/node@https://registry.npmjs.org/@humanfs/node/-/node-0.16.7.tgz 0ms (cache hit)
276 http cache @humanfs/core@https://registry.npmjs.org/@humanfs/core/-/core-0.19.1.tgz 0ms (cache hit)
277 http cache @eslint/plugin-kit@https://registry.npmjs.org/@eslint/plugin-kit/-/plugin-kit-0.4.1.tgz 0ms (cache hit)
278 http cache @eslint/object-schema@https://registry.npmjs.org/@eslint/object-schema/-/object-schema-2.1.7.tgz 0ms (cache hit)
279 http cache @eslint/js@https://registry.npmjs.org/@eslint/js/-/js-9.39.4.tgz 0ms (cache hit)
280 http cache @eslint/eslintrc@https://registry.npmjs.org/@eslint/eslintrc/-/eslintrc-3.3.5.tgz 0ms (cache hit)
281 http cache @eslint/core@https://registry.npmjs.org/@eslint/core/-/core-0.17.0.tgz 0ms (cache hit)
282 http cache @eslint/config-helpers@https://registry.npmjs.org/@eslint/config-helpers/-/config-helpers-0.4.2.tgz 0ms (cache hit)
283 http cache @eslint/config-array@https://registry.npmjs.org/@eslint/config-array/-/config-array-0.21.2.tgz 0ms (cache hit)
284 http cache @eslint-community/regexpp@https://registry.npmjs.org/@eslint-community/regexpp/-/regexpp-4.12.2.tgz 0ms (cache hit)
285 http cache @eslint-community/eslint-utils@https://registry.npmjs.org/@eslint-community/eslint-utils/-/eslint-utils-4.9.1.tgz 0ms (cache hit)
286 http cache @babel/types@https://registry.npmjs.org/@babel/types/-/types-7.29.0.tgz 0ms (cache hit)
287 http cache @babel/traverse@https://registry.npmjs.org/@babel/traverse/-/traverse-7.29.0.tgz 0ms (cache hit)
288 http cache @babel/template@https://registry.npmjs.org/@babel/template/-/template-7.28.6.tgz 0ms (cache hit)
289 http cache @babel/parser@https://registry.npmjs.org/@babel/parser/-/parser-7.29.2.tgz 0ms (cache hit)
290 http cache @babel/helpers@https://registry.npmjs.org/@babel/helpers/-/helpers-7.29.2.tgz 0ms (cache hit)
291 http cache @babel/helper-validator-option@https://registry.npmjs.org/@babel/helper-validator-option/-/helper-validator-option-7.27.1.tgz 0ms (cache hit)
292 http cache @babel/helper-validator-identifier@https://registry.npmjs.org/@babel/helper-validator-identifier/-/helper-validator-identifier-7.28.5.tgz 0ms (cache hit)
293 http cache @babel/helper-string-parser@https://registry.npmjs.org/@babel/helper-string-parser/-/helper-string-parser-7.27.1.tgz 0ms (cache hit)
294 http cache @babel/helper-module-transforms@https://registry.npmjs.org/@babel/helper-module-transforms/-/helper-module-transforms-7.28.6.tgz 0ms (cache hit)
295 http cache @babel/helper-module-imports@https://registry.npmjs.org/@babel/helper-module-imports/-/helper-module-imports-7.28.6.tgz 0ms (cache hit)
296 http cache @babel/helper-globals@https://registry.npmjs.org/@babel/helper-globals/-/helper-globals-7.28.0.tgz 0ms (cache hit)
297 http cache @babel/helper-compilation-targets@https://registry.npmjs.org/@babel/helper-compilation-targets/-/helper-compilation-targets-7.28.6.tgz 0ms (cache hit)
298 http cache @babel/generator@https://registry.npmjs.org/@babel/generator/-/generator-7.29.1.tgz 0ms (cache hit)
299 http cache @babel/core@https://registry.npmjs.org/@babel/core/-/core-7.29.0.tgz 0ms (cache hit)
300 http cache @babel/compat-data@https://registry.npmjs.org/@babel/compat-data/-/compat-data-7.29.0.tgz 0ms (cache hit)
301 http cache @babel/code-frame@https://registry.npmjs.org/@babel/code-frame/-/code-frame-7.29.0.tgz 0ms (cache hit)
302 http cache @alloc/quick-lru@https://registry.npmjs.org/@alloc/quick-lru/-/quick-lru-5.2.0.tgz 0ms (cache hit)
303 http cache @rolldown/pluginutils@https://registry.npmjs.org/@rolldown/pluginutils/-/pluginutils-1.0.0-rc.12.tgz 0ms (cache hit)
304 http cache picomatch@https://registry.npmjs.org/picomatch/-/picomatch-2.3.2.tgz 0ms (cache hit)
305 http cache picomatch@https://registry.npmjs.org/picomatch/-/picomatch-2.3.2.tgz 0ms (cache hit)
306 http cache glob-parent@https://registry.npmjs.org/glob-parent/-/glob-parent-5.1.2.tgz 0ms (cache hit)
307 http cache picomatch@https://registry.npmjs.org/picomatch/-/picomatch-2.3.2.tgz 0ms (cache hit)
308 http cache glob-parent@https://registry.npmjs.org/glob-parent/-/glob-parent-5.1.2.tgz 0ms (cache hit)
309 http cache globals@https://registry.npmjs.org/globals/-/globals-14.0.0.tgz 0ms (cache hit)
310 http cache immer@https://registry.npmjs.org/immer/-/immer-11.1.4.tgz 0ms (cache hit)
311 http cache eslint-visitor-keys@https://registry.npmjs.org/eslint-visitor-keys/-/eslint-visitor-keys-3.4.3.tgz 0ms (cache hit)
312 silly tarball no local data for vite@https://registry.npmjs.org/vite/-/vite-8.0.3.tgz. Extracting by manifest.
313 silly tarball no local data for tinyglobby@https://registry.npmjs.org/tinyglobby/-/tinyglobby-0.2.15.tgz. Extracting by manifest.
314 silly tarball no local data for rolldown@https://registry.npmjs.org/rolldown/-/rolldown-1.0.0-rc.12.tgz. Extracting by manifest.
315 silly tarball no local data for caniuse-lite@https://registry.npmjs.org/caniuse-lite/-/caniuse-lite-1.0.30001785.tgz. Extracting by manifest.
316 silly tarball no local data for baseline-browser-mapping@https://registry.npmjs.org/baseline-browser-mapping/-/baseline-browser-mapping-2.10.14.tgz. Extracting by manifest.
317 silly tarball no local data for axios@https://registry.npmjs.org/axios/-/axios-1.15.0.tgz. Extracting by manifest.
318 silly tarball no local data for @rolldown/binding-win32-x64-msvc@https://registry.npmjs.org/@rolldown/binding-win32-x64-msvc/-/binding-win32-x64-msvc-1.0.0-rc.12.tgz. Extracting by manifest.
319 silly tarball no local data for @oxc-project/types@https://registry.npmjs.org/@oxc-project/types/-/types-0.122.0.tgz. Extracting by manifest.
320 silly tarball no local data for @rolldown/pluginutils@https://registry.npmjs.org/@rolldown/pluginutils/-/pluginutils-1.0.0-rc.12.tgz. Extracting by manifest.
321 http fetch POST 200 https://registry.npmjs.org/-/npm/v1/security/advisories/bulk 2767ms
322 silly audit report {
322 silly audit report   'follow-redirects': [
322 silly audit report     {
322 silly audit report       id: 1116560,
322 silly audit report       url: 'https://github.com/advisories/GHSA-r4q5-vmmm-2653',
322 silly audit report       title: 'follow-redirects leaks Custom Authentication Headers to Cross-Domain Redirect Targets',
322 silly audit report       severity: 'moderate',
322 silly audit report       vulnerable_versions: '<=1.15.11',
322 silly audit report       cwe: [Array],
322 silly audit report       cvss: [Object]
322 silly audit report     }
322 silly audit report   ],
322 silly audit report   vite: [
322 silly audit report     {
322 silly audit report       id: 1116231,
322 silly audit report       url: 'https://github.com/advisories/GHSA-4w7w-66w2-5vf9',
322 silly audit report       title: 'Vite Vulnerable to Path Traversal in Optimized Deps `.map` Handling',
322 silly audit report       severity: 'moderate',
322 silly audit report       vulnerable_versions: '>=8.0.0 <=8.0.4',
322 silly audit report       cwe: [Array],
322 silly audit report       cvss: [Object]
322 silly audit report     },
322 silly audit report     {
322 silly audit report       id: 1116233,
322 silly audit report       url: 'https://github.com/advisories/GHSA-v2wj-q39q-566r',
322 silly audit report       title: 'Vite: `server.fs.deny` bypassed with queries',
322 silly audit report       severity: 'high',
322 silly audit report       vulnerable_versions: '>=8.0.0 <=8.0.4',
322 silly audit report       cwe: [Array],
322 silly audit report       cvss: [Object]
322 silly audit report     },
322 silly audit report     {
322 silly audit report       id: 1116236,
322 silly audit report       url: 'https://github.com/advisories/GHSA-p9ff-h696-f583',
322 silly audit report       title: 'Vite Vulnerable to Arbitrary File Read via Vite Dev Server WebSocket',
322 silly audit report       severity: 'high',
322 silly audit report       vulnerable_versions: '>=8.0.0 <=8.0.4',
322 silly audit report       cwe: [Array],
322 silly audit report       cvss: [Object]
322 silly audit report     }
322 silly audit report   ]
322 silly audit report }
323 silly packumentCache corgi:https://registry.npmjs.org/follow-redirects cache-miss
324 silly packumentCache corgi:https://registry.npmjs.org/vite cache-miss
325 http cache https://registry.npmjs.org/follow-redirects 1515ms (cache hit)
326 silly packumentCache corgi:https://registry.npmjs.org/follow-redirects set size:88479 disposed:false
327 http cache https://registry.npmjs.org/vite 1538ms (cache hit)
328 silly packumentCache corgi:https://registry.npmjs.org/vite set size:2231982 disposed:false
329 silly packumentCache corgi:https://registry.npmjs.org/axios cache-miss
330 http fetch GET 200 https://registry.npmjs.org/tinyglobby/-/tinyglobby-0.2.15.tgz 5046ms (cache miss)
331 http fetch GET 200 https://registry.npmjs.org/@oxc-project/types/-/types-0.122.0.tgz 5142ms (cache miss)
332 http cache https://registry.npmjs.org/axios 813ms (cache hit)
333 silly packumentCache corgi:https://registry.npmjs.org/axios set size:283207 disposed:false
334 silly packumentCache corgi:https://registry.npmjs.org/@vitejs%2fplugin-react cache-miss
335 http cache https://registry.npmjs.org/@vitejs%2fplugin-react 292ms (cache hit)
336 silly packumentCache corgi:https://registry.npmjs.org/@vitejs%2fplugin-react set size:112470 disposed:false
337 http fetch GET 200 https://registry.npmjs.org/baseline-browser-mapping/-/baseline-browser-mapping-2.10.14.tgz 6328ms (cache miss)
338 http fetch GET 200 https://registry.npmjs.org/@rolldown/pluginutils/-/pluginutils-1.0.0-rc.12.tgz 6868ms (cache miss)
339 http fetch GET 200 https://registry.npmjs.org/rolldown/-/rolldown-1.0.0-rc.12.tgz 10442ms (cache miss)
340 http fetch GET 200 https://registry.npmjs.org/vite/-/vite-8.0.3.tgz 10962ms (cache miss)
341 http fetch GET 200 https://registry.npmjs.org/axios/-/axios-1.15.0.tgz 12994ms (cache miss)
342 http fetch GET 200 https://registry.npmjs.org/@rolldown/binding-win32-x64-msvc/-/binding-win32-x64-msvc-1.0.0-rc.12.tgz 15673ms (cache miss)
343 http fetch GET 200 https://registry.npmjs.org/caniuse-lite/-/caniuse-lite-1.0.30001785.tgz 24079ms (cache miss)
344 silly ADD node_modules/zod-validation-error
345 silly ADD node_modules/zod
346 silly ADD node_modules/yocto-queue
347 silly ADD node_modules/yallist
348 silly ADD node_modules/word-wrap
349 silly ADD node_modules/which
350 silly ADD node_modules/vite
351 silly ADD node_modules/victory-vendor
352 silly ADD node_modules/util-deprecate
353 silly ADD node_modules/use-sync-external-store
354 silly ADD node_modules/uri-js
355 silly ADD node_modules/update-browserslist-db
356 silly ADD node_modules/type-check
357 silly ADD node_modules/tslib
358 silly ADD node_modules/ts-interface-checker
359 silly ADD node_modules/to-regex-range
360 silly ADD node_modules/tinyglobby
361 silly ADD node_modules/tiny-invariant
362 silly ADD node_modules/thenify-all
363 silly ADD node_modules/thenify
364 silly ADD node_modules/tailwindcss
365 silly ADD node_modules/tailwind-merge
366 silly ADD node_modules/supports-preserve-symlinks-flag
367 silly ADD node_modules/supports-color
368 silly ADD node_modules/sucrase
369 silly ADD node_modules/strip-json-comments
370 silly ADD node_modules/source-map-js
371 silly ADD node_modules/shebang-regex
372 silly ADD node_modules/shebang-command
373 silly ADD node_modules/set-cookie-parser
374 silly ADD node_modules/semver
375 silly ADD node_modules/scheduler
376 silly ADD node_modules/run-parallel
377 silly ADD node_modules/rolldown
378 silly ADD node_modules/rolldown/node_modules/@rolldown/pluginutils
379 silly ADD node_modules/reusify
380 silly ADD node_modules/resolve-from
381 silly ADD node_modules/resolve
382 silly ADD node_modules/reselect
383 silly ADD node_modules/redux-thunk
384 silly ADD node_modules/redux
385 silly ADD node_modules/recharts
386 silly ADD node_modules/readdirp
387 silly ADD node_modules/readdirp/node_modules/picomatch
388 silly ADD node_modules/read-cache
389 silly ADD node_modules/react-router-dom
390 silly ADD node_modules/react-router
391 silly ADD node_modules/react-redux
392 silly ADD node_modules/react-is
393 silly ADD node_modules/react-hot-toast
394 silly ADD node_modules/react-dom
395 silly ADD node_modules/react
396 silly ADD node_modules/queue-microtask
397 silly ADD node_modules/punycode
398 silly ADD node_modules/proxy-from-env
399 silly ADD node_modules/prelude-ls
400 silly ADD node_modules/postcss-value-parser
401 silly ADD node_modules/postcss-selector-parser
402 silly ADD node_modules/postcss-nested
403 silly ADD node_modules/postcss-load-config
404 silly ADD node_modules/postcss-js
405 silly ADD node_modules/postcss-import
406 silly ADD node_modules/postcss
407 silly ADD node_modules/pirates
408 silly ADD node_modules/pify
409 silly ADD node_modules/picomatch
410 silly ADD node_modules/picocolors
411 silly ADD node_modules/path-parse
412 silly ADD node_modules/path-key
413 silly ADD node_modules/path-exists
414 silly ADD node_modules/parent-module
415 silly ADD node_modules/p-locate
416 silly ADD node_modules/p-limit
417 silly ADD node_modules/optionator
418 silly ADD node_modules/object-hash
419 silly ADD node_modules/object-assign
420 silly ADD node_modules/normalize-path
421 silly ADD node_modules/node-releases
422 silly ADD node_modules/natural-compare
423 silly ADD node_modules/nanoid
424 silly ADD node_modules/mz
425 silly ADD node_modules/ms
426 silly ADD node_modules/motion-utils
427 silly ADD node_modules/motion-dom
428 silly ADD node_modules/minimatch
429 silly ADD node_modules/mime-types
430 silly ADD node_modules/mime-db
431 silly ADD node_modules/micromatch
432 silly ADD node_modules/micromatch/node_modules/picomatch
433 silly ADD node_modules/merge2
434 silly ADD node_modules/math-intrinsics
435 silly ADD node_modules/lucide-react
436 silly ADD node_modules/lru-cache
437 silly ADD node_modules/lodash.merge
438 silly ADD node_modules/locate-path
439 silly ADD node_modules/lines-and-columns
440 silly ADD node_modules/lilconfig
441 silly ADD node_modules/lightningcss-win32-x64-msvc
442 silly ADD node_modules/lightningcss
443 silly ADD node_modules/levn
444 silly ADD node_modules/keyv
445 silly ADD node_modules/json5
446 silly ADD node_modules/json-stable-stringify-without-jsonify
447 silly ADD node_modules/json-schema-traverse
448 silly ADD node_modules/json-buffer
449 silly ADD node_modules/jsesc
450 silly ADD node_modules/js-yaml
451 silly ADD node_modules/js-tokens
452 silly ADD node_modules/jiti
453 silly ADD node_modules/isexe
454 silly ADD node_modules/is-number
455 silly ADD node_modules/is-glob
456 silly ADD node_modules/is-extglob
457 silly ADD node_modules/is-core-module
458 silly ADD node_modules/is-binary-path
459 silly ADD node_modules/internmap
460 silly ADD node_modules/imurmurhash
461 silly ADD node_modules/import-fresh
462 silly ADD node_modules/immer
463 silly ADD node_modules/ignore
464 silly ADD node_modules/hermes-parser
465 silly ADD node_modules/hermes-estree
466 silly ADD node_modules/hasown
467 silly ADD node_modules/has-tostringtag
468 silly ADD node_modules/has-symbols
469 silly ADD node_modules/has-flag
470 silly ADD node_modules/gopd
471 silly ADD node_modules/goober
472 silly ADD node_modules/globals
473 silly ADD node_modules/glob-parent
474 silly ADD node_modules/get-proto
475 silly ADD node_modules/get-intrinsic
476 silly ADD node_modules/gensync
477 silly ADD node_modules/function-bind
478 silly ADD node_modules/framer-motion
479 silly ADD node_modules/fraction.js
480 silly ADD node_modules/form-data
481 silly ADD node_modules/follow-redirects
482 silly ADD node_modules/flatted
483 silly ADD node_modules/flat-cache
484 silly ADD node_modules/find-up
485 silly ADD node_modules/fill-range
486 silly ADD node_modules/file-entry-cache
487 silly ADD node_modules/fdir
488 silly ADD node_modules/fastq
489 silly ADD node_modules/fast-levenshtein
490 silly ADD node_modules/fast-json-stable-stringify
491 silly ADD node_modules/fast-glob
492 silly ADD node_modules/fast-glob/node_modules/glob-parent
493 silly ADD node_modules/fast-deep-equal
494 silly ADD node_modules/eventemitter3
495 silly ADD node_modules/esutils
496 silly ADD node_modules/estraverse
497 silly ADD node_modules/esrecurse
498 silly ADD node_modules/esquery
499 silly ADD node_modules/espree
500 silly ADD node_modules/eslint-visitor-keys
501 silly ADD node_modules/eslint-scope
502 silly ADD node_modules/eslint-plugin-react-refresh
503 silly ADD node_modules/eslint-plugin-react-hooks
504 silly ADD node_modules/eslint
505 silly ADD node_modules/escape-string-regexp
506 silly ADD node_modules/escalade
507 silly ADD node_modules/es-toolkit
508 silly ADD node_modules/es-set-tostringtag
509 silly ADD node_modules/es-object-atoms
510 silly ADD node_modules/es-errors
511 silly ADD node_modules/es-define-property
512 silly ADD node_modules/electron-to-chromium
513 silly ADD node_modules/dunder-proto
514 silly ADD node_modules/dlv
515 silly ADD node_modules/didyoumean
516 silly ADD node_modules/detect-libc
517 silly ADD node_modules/delayed-stream
518 silly ADD node_modules/deep-is
519 silly ADD node_modules/decimal.js-light
520 silly ADD node_modules/debug
521 silly ADD node_modules/d3-timer
522 silly ADD node_modules/d3-time-format
523 silly ADD node_modules/d3-time
524 silly ADD node_modules/d3-shape
525 silly ADD node_modules/d3-scale
526 silly ADD node_modules/d3-path
527 silly ADD node_modules/d3-interpolate
528 silly ADD node_modules/d3-format
529 silly ADD node_modules/d3-ease
530 silly ADD node_modules/d3-color
531 silly ADD node_modules/d3-array
532 silly ADD node_modules/csstype
533 silly ADD node_modules/cssesc
534 silly ADD node_modules/cross-spawn
535 silly ADD node_modules/cookie
536 silly ADD node_modules/convert-source-map
537 silly ADD node_modules/concat-map
538 silly ADD node_modules/commander
539 silly ADD node_modules/combined-stream
540 silly ADD node_modules/color-name
541 silly ADD node_modules/color-convert
542 silly ADD node_modules/clsx
543 silly ADD node_modules/chokidar
544 silly ADD node_modules/chokidar/node_modules/glob-parent
545 silly ADD node_modules/chalk
546 silly ADD node_modules/caniuse-lite
547 silly ADD node_modules/camelcase-css
548 silly ADD node_modules/callsites
549 silly ADD node_modules/call-bind-apply-helpers
550 silly ADD node_modules/browserslist
551 silly ADD node_modules/braces
552 silly ADD node_modules/brace-expansion
553 silly ADD node_modules/binary-extensions
554 silly ADD node_modules/baseline-browser-mapping
555 silly ADD node_modules/balanced-match
556 silly ADD node_modules/axios
557 silly ADD node_modules/autoprefixer
558 silly ADD node_modules/asynckit
559 silly ADD node_modules/argparse
560 silly ADD node_modules/arg
561 silly ADD node_modules/anymatch
562 silly ADD node_modules/anymatch/node_modules/picomatch
563 silly ADD node_modules/any-promise
564 silly ADD node_modules/ansi-styles
565 silly ADD node_modules/ajv
566 silly ADD node_modules/acorn-jsx
567 silly ADD node_modules/acorn
568 silly ADD node_modules/@vitejs/plugin-react
569 silly ADD node_modules/@types/use-sync-external-store
570 silly ADD node_modules/@types/react-dom
571 silly ADD node_modules/@types/react
572 silly ADD node_modules/@types/json-schema
573 silly ADD node_modules/@types/estree
574 silly ADD node_modules/@types/d3-timer
575 silly ADD node_modules/@types/d3-time
576 silly ADD node_modules/@types/d3-shape
577 silly ADD node_modules/@types/d3-scale
578 silly ADD node_modules/@types/d3-path
579 silly ADD node_modules/@types/d3-interpolate
580 silly ADD node_modules/@types/d3-ease
581 silly ADD node_modules/@types/d3-color
582 silly ADD node_modules/@types/d3-array
583 silly ADD node_modules/@standard-schema/utils
584 silly ADD node_modules/@standard-schema/spec
585 silly ADD node_modules/@rolldown/pluginutils
586 silly ADD node_modules/@rolldown/binding-win32-x64-msvc
587 silly ADD node_modules/@reduxjs/toolkit
588 silly ADD node_modules/@reduxjs/toolkit/node_modules/immer
589 silly ADD node_modules/@oxc-project/types
590 silly ADD node_modules/@nodelib/fs.walk
591 silly ADD node_modules/@nodelib/fs.stat
592 silly ADD node_modules/@nodelib/fs.scandir
593 silly ADD node_modules/@jridgewell/trace-mapping
594 silly ADD node_modules/@jridgewell/sourcemap-codec
595 silly ADD node_modules/@jridgewell/resolve-uri
596 silly ADD node_modules/@jridgewell/remapping
597 silly ADD node_modules/@jridgewell/gen-mapping
598 silly ADD node_modules/@humanwhocodes/retry
599 silly ADD node_modules/@humanwhocodes/module-importer
600 silly ADD node_modules/@humanfs/node
601 silly ADD node_modules/@humanfs/core
602 silly ADD node_modules/@eslint/plugin-kit
603 silly ADD node_modules/@eslint/object-schema
604 silly ADD node_modules/@eslint/js
605 silly ADD node_modules/@eslint/eslintrc
606 silly ADD node_modules/@eslint/eslintrc/node_modules/globals
607 silly ADD node_modules/@eslint/core
608 silly ADD node_modules/@eslint/config-helpers
609 silly ADD node_modules/@eslint/config-array
610 silly ADD node_modules/@eslint-community/regexpp
611 silly ADD node_modules/@eslint-community/eslint-utils
612 silly ADD node_modules/@eslint-community/eslint-utils/node_modules/eslint-visitor-keys
613 silly ADD node_modules/@babel/types
614 silly ADD node_modules/@babel/traverse
615 silly ADD node_modules/@babel/template
616 silly ADD node_modules/@babel/parser
617 silly ADD node_modules/@babel/helpers
618 silly ADD node_modules/@babel/helper-validator-option
619 silly ADD node_modules/@babel/helper-validator-identifier
620 silly ADD node_modules/@babel/helper-string-parser
621 silly ADD node_modules/@babel/helper-module-transforms
622 silly ADD node_modules/@babel/helper-module-imports
623 silly ADD node_modules/@babel/helper-globals
624 silly ADD node_modules/@babel/helper-compilation-targets
625 silly ADD node_modules/@babel/generator
626 silly ADD node_modules/@babel/core
627 silly ADD node_modules/@babel/compat-data
628 silly ADD node_modules/@babel/code-frame
629 silly ADD node_modules/@alloc/quick-lru
630 verbose cwd C:\Users\HP\Desktop\Ticket-Reselling-Platform-main\organizer-app
631 verbose os Windows_NT 10.0.19045
632 verbose node v24.15.0
633 verbose npm  v11.12.1
634 verbose exit 0
635 info ok
