0 verbose cli C:\Program Files\nodejs\node.exe C:\Program Files\nodejs\node_modules\npm\bin\npm-cli.js
1 info using npm@11.12.1
2 info using node@v24.15.0
3 silly config load:file:C:\Program Files\nodejs\node_modules\npm\npmrc
4 silly config load:file:C:\Users\HP\Desktop\Ticket-Reselling-Platform-main\admin-app\.npmrc
5 silly config load:file:C:\Users\HP\.npmrc
6 silly config load:file:C:\Users\HP\AppData\Roaming\npm\etc\npmrc
7 verbose title npm install
8 verbose argv "install" "--cache" "..\\.npm-cache"
9 verbose logfile logs-max:10 dir:C:\Users\HP\Desktop\Ticket-Reselling-Platform-main\.npm-cache\_logs\2026-04-21T06_51_19_674Z-
10 verbose logfile C:\Users\HP\Desktop\Ticket-Reselling-Platform-main\.npm-cache\_logs\2026-04-21T06_51_19_674Z-debug-0.log
11 silly logfile done cleaning log files
12 silly packumentCache heap:2295857152 maxSize:573964288 maxEntrySize:286982144
13 silly idealTree buildDeps
14 silly reify moves {}
15 silly audit bulk request {
15 silly audit   '@babel/code-frame': [ '7.29.0' ],
15 silly audit   '@babel/compat-data': [ '7.29.0' ],
15 silly audit   '@babel/core': [ '7.29.0' ],
15 silly audit   '@babel/generator': [ '7.29.1' ],
15 silly audit   '@babel/helper-compilation-targets': [ '7.28.6' ],
15 silly audit   '@babel/helper-globals': [ '7.28.0' ],
15 silly audit   '@babel/helper-module-imports': [ '7.28.6' ],
15 silly audit   '@babel/helper-module-transforms': [ '7.28.6' ],
15 silly audit   '@babel/helper-plugin-utils': [ '7.28.6' ],
15 silly audit   '@babel/helper-string-parser': [ '7.27.1' ],
15 silly audit   '@babel/helper-validator-identifier': [ '7.28.5' ],
15 silly audit   '@babel/helper-validator-option': [ '7.27.1' ],
15 silly audit   '@babel/helpers': [ '7.29.2' ],
15 silly audit   '@babel/parser': [ '7.29.2' ],
15 silly audit   '@babel/plugin-transform-react-jsx-self': [ '7.27.1' ],
15 silly audit   '@babel/plugin-transform-react-jsx-source': [ '7.27.1' ],
15 silly audit   '@babel/template': [ '7.28.6' ],
15 silly audit   '@babel/traverse': [ '7.29.0' ],
15 silly audit   '@babel/types': [ '7.29.0' ],
15 silly audit   '@esbuild/android-arm': [ '0.18.20' ],
15 silly audit   '@esbuild/android-arm64': [ '0.18.20' ],
15 silly audit   '@esbuild/android-x64': [ '0.18.20' ],
15 silly audit   '@esbuild/darwin-arm64': [ '0.18.20' ],
15 silly audit   '@esbuild/darwin-x64': [ '0.18.20' ],
15 silly audit   '@esbuild/freebsd-arm64': [ '0.18.20' ],
15 silly audit   '@esbuild/freebsd-x64': [ '0.18.20' ],
15 silly audit   '@esbuild/linux-arm': [ '0.18.20' ],
15 silly audit   '@esbuild/linux-arm64': [ '0.18.20' ],
15 silly audit   '@esbuild/linux-ia32': [ '0.18.20' ],
15 silly audit   '@esbuild/linux-loong64': [ '0.18.20' ],
15 silly audit   '@esbuild/linux-mips64el': [ '0.18.20' ],
15 silly audit   '@esbuild/linux-ppc64': [ '0.18.20' ],
15 silly audit   '@esbuild/linux-riscv64': [ '0.18.20' ],
15 silly audit   '@esbuild/linux-s390x': [ '0.18.20' ],
15 silly audit   '@esbuild/linux-x64': [ '0.18.20' ],
15 silly audit   '@esbuild/netbsd-x64': [ '0.18.20' ],
15 silly audit   '@esbuild/openbsd-x64': [ '0.18.20' ],
15 silly audit   '@esbuild/sunos-x64': [ '0.18.20' ],
15 silly audit   '@esbuild/win32-arm64': [ '0.18.20' ],
15 silly audit   '@esbuild/win32-ia32': [ '0.18.20' ],
15 silly audit   '@esbuild/win32-x64': [ '0.18.20' ],
15 silly audit   '@jridgewell/gen-mapping': [ '0.3.13' ],
15 silly audit   '@jridgewell/remapping': [ '2.3.5' ],
15 silly audit   '@jridgewell/resolve-uri': [ '3.1.2' ],
15 silly audit   '@jridgewell/sourcemap-codec': [ '1.5.5' ],
15 silly audit   '@jridgewell/trace-mapping': [ '0.3.31' ],
15 silly audit   '@kurkle/color': [ '0.3.4' ],
15 silly audit   '@remix-run/router': [ '1.23.2' ],
15 silly audit   '@rolldown/pluginutils': [ '1.0.0-beta.27' ],
15 silly audit   '@types/babel__core': [ '7.20.5' ],
15 silly audit   '@types/babel__generator': [ '7.27.0' ],
15 silly audit   '@types/babel__template': [ '7.4.4' ],
15 silly audit   '@types/babel__traverse': [ '7.28.0' ],
15 silly audit   '@types/prop-types': [ '15.7.15' ],
15 silly audit   '@types/react': [ '18.3.28' ],
15 silly audit   '@types/react-dom': [ '18.3.7' ],
15 silly audit   '@vitejs/plugin-react': [ '4.7.0' ],
15 silly audit   asynckit: [ '0.4.0' ],
15 silly audit   axios: [ '1.14.0' ],
15 silly audit   'baseline-browser-mapping': [ '2.10.13' ],
15 silly audit   browserslist: [ '4.28.2' ],
15 silly audit   'call-bind-apply-helpers': [ '1.0.2' ],
15 silly audit   'caniuse-lite': [ '1.0.30001784' ],
15 silly audit   'chart.js': [ '4.5.1' ],
15 silly audit   'combined-stream': [ '1.0.8' ],
15 silly audit   'convert-source-map': [ '2.0.0' ],
15 silly audit   csstype: [ '3.2.3' ],
15 silly audit   debug: [ '4.4.3' ],
15 silly audit   'delayed-stream': [ '1.0.0' ],
15 silly audit   'dunder-proto': [ '1.0.1' ],
15 silly audit   'electron-to-chromium': [ '1.5.331' ],
15 silly audit   'es-define-property': [ '1.0.1' ],
15 silly audit   'es-errors': [ '1.3.0' ],
15 silly audit   'es-object-atoms': [ '1.1.1' ],
15 silly audit   'es-set-tostringtag': [ '2.1.0' ],
15 silly audit   esbuild: [ '0.18.20' ],
15 silly audit   escalade: [ '3.2.0' ],
15 silly audit   'follow-redirects': [ '1.15.11' ],
15 silly audit   'form-data': [ '4.0.5' ],
15 silly audit   fsevents: [ '2.3.3' ],
15 silly audit   'function-bind': [ '1.1.2' ],
15 silly audit   gensync: [ '1.0.0-beta.2' ],
15 silly audit   'get-intrinsic': [ '1.3.0' ],
15 silly audit   'get-proto': [ '1.0.1' ],
15 silly audit   goober: [ '2.1.18' ],
15 silly audit   gopd: [ '1.2.0' ],
15 silly audit   'has-symbols': [ '1.1.0' ],
15 silly audit   'has-tostringtag': [ '1.0.2' ],
15 silly audit   hasown: [ '2.0.2' ],
15 silly audit   'js-tokens': [ '4.0.0' ],
15 silly audit   jsesc: [ '3.1.0' ],
15 silly audit   json5: [ '2.2.3' ],
15 silly audit   lodash: [ '4.18.1' ],
15 silly audit   'loose-envify': [ '1.4.0' ],
15 silly audit   'lru-cache': [ '5.1.1' ],
15 silly audit   'lucide-react': [ '0.284.0' ],
15 silly audit   'math-intrinsics': [ '1.1.0' ],
15 silly audit   'mime-db': [ '1.52.0' ],
15 silly audit   'mime-types': [ '2.1.35' ],
15 silly audit   ms: [ '2.1.3' ],
15 silly audit   nanoid: [ '3.3.11' ],
15 silly audit   'node-releases': [ '2.0.37' ],
15 silly audit   picocolors: [ '1.1.1' ],
15 silly audit   postcss: [ '8.5.8' ],
15 silly audit   'proxy-from-env': [ '2.1.0' ],
15 silly audit   react: [ '18.3.1' ],
15 silly audit   'react-chartjs-2': [ '5.3.1' ],
15 silly audit   'react-dom': [ '18.3.1' ],
15 silly audit   'react-hot-toast': [ '2.6.0' ],
15 silly audit   'react-refresh': [ '0.17.0' ],
15 silly audit   'react-router': [ '6.30.3' ],
15 silly audit   'react-router-dom': [ '6.30.3' ],
15 silly audit   rollup: [ '3.30.0' ],
15 silly audit   scheduler: [ '0.23.2' ],
15 silly audit   semver: [ '6.3.1' ],
15 silly audit   'source-map-js': [ '1.2.1' ],
15 silly audit   'update-browserslist-db': [ '1.2.3' ],
15 silly audit   vite: [ '4.5.14' ],
15 silly audit   yallist: [ '3.1.1' ]
15 silly audit }
16 http cache yallist@https://registry.npmjs.org/yallist/-/yallist-3.1.1.tgz 1ms (cache hit)
17 http cache vite@https://registry.npmjs.org/vite/-/vite-4.5.14.tgz 0ms (cache hit)
18 http cache update-browserslist-db@https://registry.npmjs.org/update-browserslist-db/-/update-browserslist-db-1.2.3.tgz 0ms (cache hit)
19 http cache source-map-js@https://registry.npmjs.org/source-map-js/-/source-map-js-1.2.1.tgz 0ms (cache hit)
20 http cache semver@https://registry.npmjs.org/semver/-/semver-6.3.1.tgz 0ms (cache hit)
21 http cache scheduler@https://registry.npmjs.org/scheduler/-/scheduler-0.23.2.tgz 0ms (cache hit)
22 http cache rollup@https://registry.npmjs.org/rollup/-/rollup-3.30.0.tgz 0ms (cache hit)
23 http cache react-router@https://registry.npmjs.org/react-router/-/react-router-6.30.3.tgz 0ms (cache hit)
24 http cache react-router-dom@https://registry.npmjs.org/react-router-dom/-/react-router-dom-6.30.3.tgz 1ms (cache hit)
25 http cache react-refresh@https://registry.npmjs.org/react-refresh/-/react-refresh-0.17.0.tgz 0ms (cache hit)
26 http cache react-hot-toast@https://registry.npmjs.org/react-hot-toast/-/react-hot-toast-2.6.0.tgz 0ms (cache hit)
27 http cache react-dom@https://registry.npmjs.org/react-dom/-/react-dom-18.3.1.tgz 0ms (cache hit)
28 http cache react@https://registry.npmjs.org/react/-/react-18.3.1.tgz 0ms (cache hit)
29 http cache react-chartjs-2@https://registry.npmjs.org/react-chartjs-2/-/react-chartjs-2-5.3.1.tgz 0ms (cache hit)
30 http cache postcss@https://registry.npmjs.org/postcss/-/postcss-8.5.8.tgz 0ms (cache hit)
31 http cache proxy-from-env@https://registry.npmjs.org/proxy-from-env/-/proxy-from-env-2.1.0.tgz 0ms (cache hit)
32 http cache node-releases@https://registry.npmjs.org/node-releases/-/node-releases-2.0.37.tgz 0ms (cache hit)
33 http cache ms@https://registry.npmjs.org/ms/-/ms-2.1.3.tgz 0ms (cache hit)
34 http cache nanoid@https://registry.npmjs.org/nanoid/-/nanoid-3.3.11.tgz 0ms (cache hit)
35 http cache mime-types@https://registry.npmjs.org/mime-types/-/mime-types-2.1.35.tgz 0ms (cache hit)
36 http cache mime-db@https://registry.npmjs.org/mime-db/-/mime-db-1.52.0.tgz 0ms (cache hit)
37 http cache math-intrinsics@https://registry.npmjs.org/math-intrinsics/-/math-intrinsics-1.1.0.tgz 0ms (cache hit)
38 http cache lucide-react@https://registry.npmjs.org/lucide-react/-/lucide-react-0.284.0.tgz 0ms (cache hit)
39 http cache lru-cache@https://registry.npmjs.org/lru-cache/-/lru-cache-5.1.1.tgz 0ms (cache hit)
40 http cache loose-envify@https://registry.npmjs.org/loose-envify/-/loose-envify-1.4.0.tgz 0ms (cache hit)
41 http cache picocolors@https://registry.npmjs.org/picocolors/-/picocolors-1.1.1.tgz 0ms (cache hit)
42 http cache json5@https://registry.npmjs.org/json5/-/json5-2.2.3.tgz 0ms (cache hit)
43 http cache js-tokens@https://registry.npmjs.org/js-tokens/-/js-tokens-4.0.0.tgz 0ms (cache hit)
44 http cache hasown@https://registry.npmjs.org/hasown/-/hasown-2.0.2.tgz 0ms (cache hit)
45 http cache has-tostringtag@https://registry.npmjs.org/has-tostringtag/-/has-tostringtag-1.0.2.tgz 0ms (cache hit)
46 http cache has-symbols@https://registry.npmjs.org/has-symbols/-/has-symbols-1.1.0.tgz 0ms (cache hit)
47 http cache gopd@https://registry.npmjs.org/gopd/-/gopd-1.2.0.tgz 0ms (cache hit)
48 http cache goober@https://registry.npmjs.org/goober/-/goober-2.1.18.tgz 0ms (cache hit)
49 http cache get-proto@https://registry.npmjs.org/get-proto/-/get-proto-1.0.1.tgz 0ms (cache hit)
50 http cache get-intrinsic@https://registry.npmjs.org/get-intrinsic/-/get-intrinsic-1.3.0.tgz 0ms (cache hit)
51 http cache gensync@https://registry.npmjs.org/gensync/-/gensync-1.0.0-beta.2.tgz 0ms (cache hit)
52 http cache function-bind@https://registry.npmjs.org/function-bind/-/function-bind-1.1.2.tgz 0ms (cache hit)
53 http cache form-data@https://registry.npmjs.org/form-data/-/form-data-4.0.5.tgz 0ms (cache hit)
54 http cache follow-redirects@https://registry.npmjs.org/follow-redirects/-/follow-redirects-1.15.11.tgz 0ms (cache hit)
55 http cache esbuild@https://registry.npmjs.org/esbuild/-/esbuild-0.18.20.tgz 0ms (cache hit)
56 http cache escalade@https://registry.npmjs.org/escalade/-/escalade-3.2.0.tgz 0ms (cache hit)
57 http cache es-set-tostringtag@https://registry.npmjs.org/es-set-tostringtag/-/es-set-tostringtag-2.1.0.tgz 0ms (cache hit)
58 http cache es-object-atoms@https://registry.npmjs.org/es-object-atoms/-/es-object-atoms-1.1.1.tgz 0ms (cache hit)
59 http cache es-errors@https://registry.npmjs.org/es-errors/-/es-errors-1.3.0.tgz 0ms (cache hit)
60 http cache es-define-property@https://registry.npmjs.org/es-define-property/-/es-define-property-1.0.1.tgz 0ms (cache hit)
61 http cache dunder-proto@https://registry.npmjs.org/dunder-proto/-/dunder-proto-1.0.1.tgz 0ms (cache hit)
62 http cache electron-to-chromium@https://registry.npmjs.org/electron-to-chromium/-/electron-to-chromium-1.5.331.tgz 0ms (cache hit)
63 http cache delayed-stream@https://registry.npmjs.org/delayed-stream/-/delayed-stream-1.0.0.tgz 0ms (cache hit)
64 http cache debug@https://registry.npmjs.org/debug/-/debug-4.4.3.tgz 0ms (cache hit)
65 http cache csstype@https://registry.npmjs.org/csstype/-/csstype-3.2.3.tgz 0ms (cache hit)
66 http cache convert-source-map@https://registry.npmjs.org/convert-source-map/-/convert-source-map-2.0.0.tgz 0ms (cache hit)
67 http cache combined-stream@https://registry.npmjs.org/combined-stream/-/combined-stream-1.0.8.tgz 0ms (cache hit)
68 http cache chart.js@https://registry.npmjs.org/chart.js/-/chart.js-4.5.1.tgz 0ms (cache hit)
69 http cache caniuse-lite@https://registry.npmjs.org/caniuse-lite/-/caniuse-lite-1.0.30001784.tgz 1ms (cache hit)
70 http cache call-bind-apply-helpers@https://registry.npmjs.org/call-bind-apply-helpers/-/call-bind-apply-helpers-1.0.2.tgz 0ms (cache hit)
71 http cache browserslist@https://registry.npmjs.org/browserslist/-/browserslist-4.28.2.tgz 0ms (cache hit)
72 http cache baseline-browser-mapping@https://registry.npmjs.org/baseline-browser-mapping/-/baseline-browser-mapping-2.10.13.tgz 0ms (cache hit)
73 http cache @vitejs/plugin-react@https://registry.npmjs.org/@vitejs/plugin-react/-/plugin-react-4.7.0.tgz 0ms (cache hit)
74 http cache axios@https://registry.npmjs.org/axios/-/axios-1.14.0.tgz 0ms (cache hit)
75 http cache asynckit@https://registry.npmjs.org/asynckit/-/asynckit-0.4.0.tgz 0ms (cache hit)
76 http cache @types/react-dom@https://registry.npmjs.org/@types/react-dom/-/react-dom-18.3.7.tgz 0ms (cache hit)
77 http cache @types/react@https://registry.npmjs.org/@types/react/-/react-18.3.28.tgz 0ms (cache hit)
78 http cache lodash@https://registry.npmjs.org/lodash/-/lodash-4.18.1.tgz 0ms (cache hit)
79 http cache @types/prop-types@https://registry.npmjs.org/@types/prop-types/-/prop-types-15.7.15.tgz 0ms (cache hit)
80 http cache @types/babel__traverse@https://registry.npmjs.org/@types/babel__traverse/-/babel__traverse-7.28.0.tgz 0ms (cache hit)
81 http cache @types/babel__template@https://registry.npmjs.org/@types/babel__template/-/babel__template-7.4.4.tgz 0ms (cache hit)
82 http cache @rolldown/pluginutils@https://registry.npmjs.org/@rolldown/pluginutils/-/pluginutils-1.0.0-beta.27.tgz 0ms (cache hit)
83 http cache @types/babel__generator@https://registry.npmjs.org/@types/babel__generator/-/babel__generator-7.27.0.tgz 0ms (cache hit)
84 http cache @kurkle/color@https://registry.npmjs.org/@kurkle/color/-/color-0.3.4.tgz 0ms (cache hit)
85 http cache @jridgewell/trace-mapping@https://registry.npmjs.org/@jridgewell/trace-mapping/-/trace-mapping-0.3.31.tgz 0ms (cache hit)
86 http cache @jridgewell/resolve-uri@https://registry.npmjs.org/@jridgewell/resolve-uri/-/resolve-uri-3.1.2.tgz 0ms (cache hit)
87 http cache @jridgewell/sourcemap-codec@https://registry.npmjs.org/@jridgewell/sourcemap-codec/-/sourcemap-codec-1.5.5.tgz 0ms (cache hit)
88 http cache @jridgewell/remapping@https://registry.npmjs.org/@jridgewell/remapping/-/remapping-2.3.5.tgz 1ms (cache hit)
89 http cache @jridgewell/gen-mapping@https://registry.npmjs.org/@jridgewell/gen-mapping/-/gen-mapping-0.3.13.tgz 0ms (cache hit)
90 http cache @types/babel__core@https://registry.npmjs.org/@types/babel__core/-/babel__core-7.20.5.tgz 0ms (cache hit)
91 http cache @esbuild/win32-x64@https://registry.npmjs.org/@esbuild/win32-x64/-/win32-x64-0.18.20.tgz 0ms (cache hit)
92 http cache @babel/traverse@https://registry.npmjs.org/@babel/traverse/-/traverse-7.29.0.tgz 0ms (cache hit)
93 http cache @babel/types@https://registry.npmjs.org/@babel/types/-/types-7.29.0.tgz 0ms (cache hit)
94 http cache @babel/template@https://registry.npmjs.org/@babel/template/-/template-7.28.6.tgz 0ms (cache hit)
95 http cache @babel/plugin-transform-react-jsx-source@https://registry.npmjs.org/@babel/plugin-transform-react-jsx-source/-/plugin-transform-react-jsx-source-7.27.1.tgz 0ms (cache hit)
96 http cache @babel/parser@https://registry.npmjs.org/@babel/parser/-/parser-7.29.2.tgz 0ms (cache hit)
97 http cache jsesc@https://registry.npmjs.org/jsesc/-/jsesc-3.1.0.tgz 0ms (cache hit)
98 http cache @babel/helpers@https://registry.npmjs.org/@babel/helpers/-/helpers-7.29.2.tgz 0ms (cache hit)
99 http cache @babel/helper-validator-option@https://registry.npmjs.org/@babel/helper-validator-option/-/helper-validator-option-7.27.1.tgz 0ms (cache hit)
100 http cache @remix-run/router@https://registry.npmjs.org/@remix-run/router/-/router-1.23.2.tgz 0ms (cache hit)
101 http cache @babel/helper-validator-identifier@https://registry.npmjs.org/@babel/helper-validator-identifier/-/helper-validator-identifier-7.28.5.tgz 0ms (cache hit)
102 http cache @babel/helper-string-parser@https://registry.npmjs.org/@babel/helper-string-parser/-/helper-string-parser-7.27.1.tgz 0ms (cache hit)
103 http cache @babel/helper-module-transforms@https://registry.npmjs.org/@babel/helper-module-transforms/-/helper-module-transforms-7.28.6.tgz 1ms (cache hit)
104 http cache @babel/helper-plugin-utils@https://registry.npmjs.org/@babel/helper-plugin-utils/-/helper-plugin-utils-7.28.6.tgz 0ms (cache hit)
105 http cache @babel/helper-module-imports@https://registry.npmjs.org/@babel/helper-module-imports/-/helper-module-imports-7.28.6.tgz 0ms (cache hit)
106 http cache @babel/helper-globals@https://registry.npmjs.org/@babel/helper-globals/-/helper-globals-7.28.0.tgz 0ms (cache hit)
107 http cache @babel/core@https://registry.npmjs.org/@babel/core/-/core-7.29.0.tgz 0ms (cache hit)
108 http cache @babel/helper-compilation-targets@https://registry.npmjs.org/@babel/helper-compilation-targets/-/helper-compilation-targets-7.28.6.tgz 0ms (cache hit)
109 http cache @babel/generator@https://registry.npmjs.org/@babel/generator/-/generator-7.29.1.tgz 0ms (cache hit)
110 http cache @babel/compat-data@https://registry.npmjs.org/@babel/compat-data/-/compat-data-7.29.0.tgz 0ms (cache hit)
111 http cache @babel/plugin-transform-react-jsx-self@https://registry.npmjs.org/@babel/plugin-transform-react-jsx-self/-/plugin-transform-react-jsx-self-7.27.1.tgz 0ms (cache hit)
112 silly tarball no local data for vite@https://registry.npmjs.org/vite/-/vite-4.5.14.tgz. Extracting by manifest.
113 http cache @babel/code-frame@https://registry.npmjs.org/@babel/code-frame/-/code-frame-7.29.0.tgz 0ms (cache hit)
114 silly tarball no local data for scheduler@https://registry.npmjs.org/scheduler/-/scheduler-0.23.2.tgz. Extracting by manifest.
115 silly tarball no local data for rollup@https://registry.npmjs.org/rollup/-/rollup-3.30.0.tgz. Extracting by manifest.
116 silly tarball no local data for react-router@https://registry.npmjs.org/react-router/-/react-router-6.30.3.tgz. Extracting by manifest.
117 silly tarball no local data for react-router-dom@https://registry.npmjs.org/react-router-dom/-/react-router-dom-6.30.3.tgz. Extracting by manifest.
118 silly tarball no local data for react-refresh@https://registry.npmjs.org/react-refresh/-/react-refresh-0.17.0.tgz. Extracting by manifest.
119 silly tarball no local data for react-dom@https://registry.npmjs.org/react-dom/-/react-dom-18.3.1.tgz. Extracting by manifest.
120 silly tarball no local data for react@https://registry.npmjs.org/react/-/react-18.3.1.tgz. Extracting by manifest.
121 silly tarball no local data for postcss@https://registry.npmjs.org/postcss/-/postcss-8.5.8.tgz. Extracting by manifest.
122 silly tarball no local data for lucide-react@https://registry.npmjs.org/lucide-react/-/lucide-react-0.284.0.tgz. Extracting by manifest.
123 silly tarball no local data for loose-envify@https://registry.npmjs.org/loose-envify/-/loose-envify-1.4.0.tgz. Extracting by manifest.
124 silly tarball no local data for esbuild@https://registry.npmjs.org/esbuild/-/esbuild-0.18.20.tgz. Extracting by manifest.
125 silly tarball no local data for electron-to-chromium@https://registry.npmjs.org/electron-to-chromium/-/electron-to-chromium-1.5.331.tgz. Extracting by manifest.
126 silly tarball no local data for caniuse-lite@https://registry.npmjs.org/caniuse-lite/-/caniuse-lite-1.0.30001784.tgz. Extracting by manifest.
127 silly tarball no local data for baseline-browser-mapping@https://registry.npmjs.org/baseline-browser-mapping/-/baseline-browser-mapping-2.10.13.tgz. Extracting by manifest.
128 silly tarball no local data for @vitejs/plugin-react@https://registry.npmjs.org/@vitejs/plugin-react/-/plugin-react-4.7.0.tgz. Extracting by manifest.
129 silly tarball no local data for @types/react-dom@https://registry.npmjs.org/@types/react-dom/-/react-dom-18.3.7.tgz. Extracting by manifest.
130 silly tarball no local data for @types/react@https://registry.npmjs.org/@types/react/-/react-18.3.28.tgz. Extracting by manifest.
131 silly tarball no local data for @types/prop-types@https://registry.npmjs.org/@types/prop-types/-/prop-types-15.7.15.tgz. Extracting by manifest.
132 silly tarball no local data for @types/babel__template@https://registry.npmjs.org/@types/babel__template/-/babel__template-7.4.4.tgz. Extracting by manifest.
133 silly tarball no local data for @rolldown/pluginutils@https://registry.npmjs.org/@rolldown/pluginutils/-/pluginutils-1.0.0-beta.27.tgz. Extracting by manifest.
134 silly tarball no local data for @types/babel__traverse@https://registry.npmjs.org/@types/babel__traverse/-/babel__traverse-7.28.0.tgz. Extracting by manifest.
135 silly tarball no local data for @types/babel__generator@https://registry.npmjs.org/@types/babel__generator/-/babel__generator-7.27.0.tgz. Extracting by manifest.
136 silly tarball no local data for @types/babel__core@https://registry.npmjs.org/@types/babel__core/-/babel__core-7.20.5.tgz. Extracting by manifest.
137 silly tarball no local data for @esbuild/win32-x64@https://registry.npmjs.org/@esbuild/win32-x64/-/win32-x64-0.18.20.tgz. Extracting by manifest.
138 silly tarball no local data for @babel/plugin-transform-react-jsx-source@https://registry.npmjs.org/@babel/plugin-transform-react-jsx-source/-/plugin-transform-react-jsx-source-7.27.1.tgz. Extracting by manifest.
139 silly tarball no local data for @remix-run/router@https://registry.npmjs.org/@remix-run/router/-/router-1.23.2.tgz. Extracting by manifest.
140 silly tarball no local data for @babel/helper-plugin-utils@https://registry.npmjs.org/@babel/helper-plugin-utils/-/helper-plugin-utils-7.28.6.tgz. Extracting by manifest.
141 silly tarball no local data for @babel/plugin-transform-react-jsx-self@https://registry.npmjs.org/@babel/plugin-transform-react-jsx-self/-/plugin-transform-react-jsx-self-7.27.1.tgz. Extracting by manifest.
142 http fetch POST 200 https://registry.npmjs.org/-/npm/v1/security/advisories/bulk 1177ms
143 silly audit report {
143 silly audit report   axios: [
143 silly audit report     {
143 silly audit report       id: 1116673,
143 silly audit report       url: 'https://github.com/advisories/GHSA-3p68-rc4w-qgx5',
143 silly audit report       title: 'Axios has a NO_PROXY Hostname Normalization Bypass that Leads to SSRF',
143 silly audit report       severity: 'moderate',
143 silly audit report       vulnerable_versions: '>=1.0.0 <1.15.0',
143 silly audit report       cwe: [Array],
143 silly audit report       cvss: [Object]
143 silly audit report     },
143 silly audit report     {
143 silly audit report       id: 1116675,
143 silly audit report       url: 'https://github.com/advisories/GHSA-fvcv-3m26-pcqx',
143 silly audit report       title: 'Axios has Unrestricted Cloud Metadata Exfiltration via Header Injection Chain',
143 silly audit report       severity: 'moderate',
143 silly audit report       vulnerable_versions: '>=1.0.0 <1.15.0',
143 silly audit report       cwe: [Array],
143 silly audit report       cvss: [Object]
143 silly audit report     }
143 silly audit report   ],
143 silly audit report   esbuild: [
143 silly audit report     {
143 silly audit report       id: 1102341,
143 silly audit report       url: 'https://github.com/advisories/GHSA-67mh-4wv8-2f99',
143 silly audit report       title: 'esbuild enables any website to send any requests to the development server and read the response',
143 silly audit report       severity: 'moderate',
143 silly audit report       vulnerable_versions: '<=0.24.2',
143 silly audit report       cwe: [Array],
143 silly audit report       cvss: [Object]
143 silly audit report     }
143 silly audit report   ],
143 silly audit report   'follow-redirects': [
143 silly audit report     {
143 silly audit report       id: 1116560,
143 silly audit report       url: 'https://github.com/advisories/GHSA-r4q5-vmmm-2653',
143 silly audit report       title: 'follow-redirects leaks Custom Authentication Headers to Cross-Domain Redirect Targets',
143 silly audit report       severity: 'moderate',
143 silly audit report       vulnerable_versions: '<=1.15.11',
143 silly audit report       cwe: [Array],
143 silly audit report       cvss: [Object]
143 silly audit report     }
143 silly audit report   ],
143 silly audit report   vite: [
143 silly audit report     {
143 silly audit report       id: 1107323,
143 silly audit report       url: 'https://github.com/advisories/GHSA-g4jq-h2w9-997c',
143 silly audit report       title: 'Vite middleware may serve files starting with the same name with the public directory',
143 silly audit report       severity: 'low',
143 silly audit report       vulnerable_versions: '<=5.4.19',
143 silly audit report       cwe: [Array],
143 silly audit report       cvss: [Object]
143 silly audit report     },
143 silly audit report     {
143 silly audit report       id: 1107327,
143 silly audit report       url: 'https://github.com/advisories/GHSA-jqfw-vq24-v9c3',
143 silly audit report       title: "Vite's `server.fs` settings were not applied to HTML files",
143 silly audit report       severity: 'low',
143 silly audit report       vulnerable_versions: '<=5.4.19',
143 silly audit report       cwe: [Array],
143 silly audit report       cvss: [Object]
143 silly audit report     },
143 silly audit report     {
143 silly audit report       id: 1109132,
143 silly audit report       url: 'https://github.com/advisories/GHSA-93m4-6634-74q7',
143 silly audit report       title: 'vite allows server.fs.deny bypass via backslash on Windows',
143 silly audit report       severity: 'moderate',
143 silly audit report       vulnerable_versions: '>=4.5.3 <5.0.0',
143 silly audit report       cwe: [Array],
143 silly audit report       cvss: [Object]
143 silly audit report     },
143 silly audit report     {
143 silly audit report       id: 1116229,
143 silly audit report       url: 'https://github.com/advisories/GHSA-4w7w-66w2-5vf9',
143 silly audit report       title: 'Vite Vulnerable to Path Traversal in Optimized Deps `.map` Handling',
143 silly audit report       severity: 'moderate',
143 silly audit report       vulnerable_versions: '<=6.4.1',
143 silly audit report       cwe: [Array],
143 silly audit report       cvss: [Object]
143 silly audit report     }
143 silly audit report   ]
143 silly audit report }
144 silly packumentCache corgi:https://registry.npmjs.org/axios cache-miss
145 silly packumentCache corgi:https://registry.npmjs.org/esbuild cache-miss
146 silly packumentCache corgi:https://registry.npmjs.org/follow-redirects cache-miss
147 silly packumentCache corgi:https://registry.npmjs.org/vite cache-miss
148 http cache https://registry.npmjs.org/axios 826ms (cache hit)
149 silly packumentCache corgi:https://registry.npmjs.org/axios set size:283207 disposed:false
150 http cache https://registry.npmjs.org/follow-redirects 838ms (cache hit)
151 silly packumentCache corgi:https://registry.npmjs.org/follow-redirects set size:88479 disposed:false
152 http fetch GET 200 https://registry.npmjs.org/@types/babel__template/-/babel__template-7.4.4.tgz 2358ms (cache miss)
153 http fetch GET 200 https://registry.npmjs.org/@types/babel__generator/-/babel__generator-7.27.0.tgz 2616ms (cache miss)
154 http fetch GET 200 https://registry.npmjs.org/@babel/helper-plugin-utils/-/helper-plugin-utils-7.28.6.tgz 2817ms (cache miss)
155 http fetch GET 200 https://registry.npmjs.org/loose-envify/-/loose-envify-1.4.0.tgz 2872ms (cache miss)
156 http fetch GET 200 https://registry.npmjs.org/@types/prop-types/-/prop-types-15.7.15.tgz 2957ms (cache miss)
157 http fetch GET 200 https://registry.npmjs.org/@babel/plugin-transform-react-jsx-self/-/plugin-transform-react-jsx-self-7.27.1.tgz 2941ms (cache miss)
158 http fetch GET 200 https://registry.npmjs.org/@babel/plugin-transform-react-jsx-source/-/plugin-transform-react-jsx-source-7.27.1.tgz 3057ms (cache miss)
159 http fetch GET 200 https://registry.npmjs.org/@types/babel__traverse/-/babel__traverse-7.28.0.tgz 3080ms (cache miss)
160 http fetch GET 200 https://registry.npmjs.org/@rolldown/pluginutils/-/pluginutils-1.0.0-beta.27.tgz 3116ms (cache miss)
161 http fetch GET 200 https://registry.npmjs.org/react-refresh/-/react-refresh-0.17.0.tgz 3223ms (cache miss)
162 http fetch GET 200 https://registry.npmjs.org/@types/babel__core/-/babel__core-7.20.5.tgz 3230ms (cache miss)
163 http fetch GET 200 https://registry.npmjs.org/@types/react-dom/-/react-dom-18.3.7.tgz 3449ms (cache miss)
164 http fetch GET 200 https://registry.npmjs.org/@vitejs/plugin-react/-/plugin-react-4.7.0.tgz 3452ms (cache miss)
165 http fetch GET 200 https://registry.npmjs.org/esbuild/-/esbuild-0.18.20.tgz 3597ms (cache miss)
166 http fetch GET 200 https://registry.npmjs.org/baseline-browser-mapping/-/baseline-browser-mapping-2.10.13.tgz 3673ms (cache miss)
167 http fetch GET 200 https://registry.npmjs.org/electron-to-chromium/-/electron-to-chromium-1.5.331.tgz 4066ms (cache miss)
168 http fetch GET 200 https://registry.npmjs.org/scheduler/-/scheduler-0.23.2.tgz 4187ms (cache miss)
169 http fetch GET 200 https://registry.npmjs.org/@types/react/-/react-18.3.28.tgz 4464ms (cache miss)
170 http fetch GET 200 https://registry.npmjs.org/react/-/react-18.3.1.tgz 4774ms (cache miss)
171 http fetch GET 200 https://registry.npmjs.org/react-router/-/react-router-6.30.3.tgz 5275ms (cache miss)
172 http fetch GET 200 https://registry.npmjs.org/react-router-dom/-/react-router-dom-6.30.3.tgz 5309ms (cache miss)
173 http fetch GET 200 https://registry.npmjs.org/postcss/-/postcss-8.5.8.tgz 5757ms (cache miss)
174 http fetch GET 200 https://registry.npmjs.org/caniuse-lite/-/caniuse-lite-1.0.30001784.tgz 12984ms (cache miss)
175 http fetch GET 200 https://registry.npmjs.org/esbuild 15389ms (cache miss)
176 silly packumentCache corgi:https://registry.npmjs.org/esbuild set size:undefined disposed:false
177 http fetch GET 200 https://registry.npmjs.org/vite 18566ms (cache miss)
178 silly packumentCache corgi:https://registry.npmjs.org/vite set size:undefined disposed:false
179 silly packumentCache corgi:https://registry.npmjs.org/@vitejs%2fplugin-react cache-miss
180 http fetch GET 200 https://registry.npmjs.org/@vitejs%2fplugin-react 311ms (cache miss)
181 silly packumentCache corgi:https://registry.npmjs.org/@vitejs%2fplugin-react set size:undefined disposed:false
182 http fetch GET 200 https://registry.npmjs.org/vite/-/vite-4.5.14.tgz 20740ms (cache miss)
183 http fetch GET 200 https://registry.npmjs.org/@remix-run/router/-/router-1.23.2.tgz 20681ms (cache miss)
184 http fetch GET 200 https://registry.npmjs.org/@esbuild/win32-x64/-/win32-x64-0.18.20.tgz 20839ms (cache miss)
185 http fetch GET 200 https://registry.npmjs.org/react-dom/-/react-dom-18.3.1.tgz 21063ms (cache miss)
186 http fetch GET 200 https://registry.npmjs.org/lucide-react/-/lucide-react-0.284.0.tgz 26412ms (cache miss)
187 http fetch GET 200 https://registry.npmjs.org/rollup/-/rollup-3.30.0.tgz 31341ms (cache miss)
188 info run esbuild@0.18.20 postinstall node_modules/esbuild node install.js
189 info run esbuild@0.18.20 postinstall { code: 0, signal: null }
190 silly ADD node_modules/yallist
191 silly ADD node_modules/vite
192 silly ADD node_modules/update-browserslist-db
193 silly ADD node_modules/source-map-js
194 silly ADD node_modules/semver
195 silly ADD node_modules/scheduler
196 silly ADD node_modules/rollup
197 silly ADD node_modules/react-router-dom
198 silly ADD node_modules/react-router
199 silly ADD node_modules/react-refresh
200 silly ADD node_modules/react-hot-toast
201 silly ADD node_modules/react-dom
202 silly ADD node_modules/react-chartjs-2
203 silly ADD node_modules/react
204 silly ADD node_modules/proxy-from-env
205 silly ADD node_modules/postcss
206 silly ADD node_modules/picocolors
207 silly ADD node_modules/node-releases
208 silly ADD node_modules/nanoid
209 silly ADD node_modules/ms
210 silly ADD node_modules/mime-types
211 silly ADD node_modules/mime-db
212 silly ADD node_modules/math-intrinsics
213 silly ADD node_modules/lucide-react
214 silly ADD node_modules/lru-cache
215 silly ADD node_modules/loose-envify
216 silly ADD node_modules/lodash
217 silly ADD node_modules/json5
218 silly ADD node_modules/jsesc
219 silly ADD node_modules/js-tokens
220 silly ADD node_modules/hasown
221 silly ADD node_modules/has-tostringtag
222 silly ADD node_modules/has-symbols
223 silly ADD node_modules/gopd
224 silly ADD node_modules/goober
225 silly ADD node_modules/get-proto
226 silly ADD node_modules/get-intrinsic
227 silly ADD node_modules/gensync
228 silly ADD node_modules/function-bind
229 silly ADD node_modules/form-data
230 silly ADD node_modules/follow-redirects
231 silly ADD node_modules/escalade
232 silly ADD node_modules/esbuild
233 silly ADD node_modules/es-set-tostringtag
234 silly ADD node_modules/es-object-atoms
235 silly ADD node_modules/es-errors
236 silly ADD node_modules/es-define-property
237 silly ADD node_modules/electron-to-chromium
238 silly ADD node_modules/dunder-proto
239 silly ADD node_modules/delayed-stream
240 silly ADD node_modules/debug
241 silly ADD node_modules/csstype
242 silly ADD node_modules/convert-source-map
243 silly ADD node_modules/combined-stream
244 silly ADD node_modules/chart.js
245 silly ADD node_modules/caniuse-lite
246 silly ADD node_modules/call-bind-apply-helpers
247 silly ADD node_modules/browserslist
248 silly ADD node_modules/baseline-browser-mapping
249 silly ADD node_modules/axios
250 silly ADD node_modules/asynckit
251 silly ADD node_modules/@vitejs/plugin-react
252 silly ADD node_modules/@types/react-dom
253 silly ADD node_modules/@types/react
254 silly ADD node_modules/@types/prop-types
255 silly ADD node_modules/@types/babel__traverse
256 silly ADD node_modules/@types/babel__template
257 silly ADD node_modules/@types/babel__generator
258 silly ADD node_modules/@types/babel__core
259 silly ADD node_modules/@rolldown/pluginutils
260 silly ADD node_modules/@remix-run/router
261 silly ADD node_modules/@kurkle/color
262 silly ADD node_modules/@jridgewell/trace-mapping
263 silly ADD node_modules/@jridgewell/sourcemap-codec
264 silly ADD node_modules/@jridgewell/resolve-uri
265 silly ADD node_modules/@jridgewell/remapping
266 silly ADD node_modules/@jridgewell/gen-mapping
267 silly ADD node_modules/@esbuild/win32-x64
268 silly ADD node_modules/@babel/types
269 silly ADD node_modules/@babel/traverse
270 silly ADD node_modules/@babel/template
271 silly ADD node_modules/@babel/plugin-transform-react-jsx-source
272 silly ADD node_modules/@babel/plugin-transform-react-jsx-self
273 silly ADD node_modules/@babel/parser
274 silly ADD node_modules/@babel/helpers
275 silly ADD node_modules/@babel/helper-validator-option
276 silly ADD node_modules/@babel/helper-validator-identifier
277 silly ADD node_modules/@babel/helper-string-parser
278 silly ADD node_modules/@babel/helper-plugin-utils
279 silly ADD node_modules/@babel/helper-module-transforms
280 silly ADD node_modules/@babel/helper-module-imports
281 silly ADD node_modules/@babel/helper-globals
282 silly ADD node_modules/@babel/helper-compilation-targets
283 silly ADD node_modules/@babel/generator
284 silly ADD node_modules/@babel/core
285 silly ADD node_modules/@babel/compat-data
286 silly ADD node_modules/@babel/code-frame
287 verbose cwd C:\Users\HP\Desktop\Ticket-Reselling-Platform-main\admin-app
288 verbose os Windows_NT 10.0.19045
289 verbose node v24.15.0
290 verbose npm  v11.12.1
291 verbose exit 0
292 info ok
